<?xml version="1.0" encoding="UTF-8" standalone="no"?>
<!DOCTYPE log SYSTEM "logger.dtd">
<log>
<record>
  <date>2022-10-18T18:07:30.293-0300</date>
  <logger>THAYANE STHEFFANY SILVA BARROS</logger>
  <level>FINE</level>
  <message>File 121110604-THAYANE STHEFFANY SILVA BARROS.zip was received. It was sent by THAYANE STHEFFANY SILVA BARROS from IP 192.168.0.22 at 18-10-2022 18*07*30</message>
</record>
</log>
<?xml version="1.0" encoding="UTF-8" standalone="no"?>
<!DOCTYPE log SYSTEM "logger.dtd">
<log>
<record>
  <date>2022-10-19T17:21:48.124-0300</date>
  <logger>THAYANE STHEFFANY SILVA BARROS</logger>
  <level>FINE</level>
  <message>File 121110604-THAYANE STHEFFANY SILVA BARROS.zip was received. It was sent by THAYANE STHEFFANY SILVA BARROS from IP 192.168.0.22 at 19-10-2022 17*21*48</message>
</record>
</log>
<?xml version="1.0" encoding="UTF-8" standalone="no"?>
<!DOCTYPE log SYSTEM "logger.dtd">
<log>
<record>
  <date>2022-10-23T12:40:43.719-0300</date>
  <logger>THAYANE STHEFFANY SILVA BARROS</logger>
  <level>FINE</level>
  <message>File 121110604-THAYANE STHEFFANY SILVA BARROS.zip was received. It was sent by THAYANE STHEFFANY SILVA BARROS from IP 192.168.0.22 at 23-10-2022 12*40*43</message>
</record>
</log>
<?xml version="1.0" encoding="UTF-8" standalone="no"?>
<!DOCTYPE log SYSTEM "logger.dtd">
<log>
<record>
  <date>2022-10-24T19:27:12.875-0300</date>
  <logger>THAYANE STHEFFANY SILVA BARROS</logger>
  <level>FINE</level>
  <message>File 121110604-THAYANE STHEFFANY SILVA BARROS.zip was received. It was sent by THAYANE STHEFFANY SILVA BARROS from IP 192.168.0.22 at 24-10-2022 19*27*12</message>
</record>
