<?xml version="1.0" encoding="UTF-8" standalone="no"?>
<!DOCTYPE log SYSTEM "logger.dtd">
<log>
<record>
  <date>2022-11-22T18:39:40.202-0300</date>
  <logger>THAYANE STHEFFANY SILVA BARROS</logger>
  <level>FINE</level>
  <message>File 121110604-THAYANE STHEFFANY SILVA BARROS.zip was received. It was sent by THAYANE STHEFFANY SILVA BARROS from IP 192.168.0.22 at 22-11-2022 18*39*40</message>
</record>
</log>
<?xml version="1.0" encoding="UTF-8" standalone="no"?>
<!DOCTYPE log SYSTEM "logger.dtd">
<log>
<record>
  <date>2022-11-28T13:55:13.633-0300</date>
  <logger>THAYANE STHEFFANY SILVA BARROS</logger>
  <level>FINE</level>
  <message>File 121110604-THAYANE STHEFFANY SILVA BARROS.zip was received. It was sent by THAYANE STHEFFANY SILVA BARROS from IP 192.168.0.22 at 28-11-2022 13*55*13</message>
</record>
</log>
<?xml version="1.0" encoding="UTF-8" standalone="no"?>
<!DOCTYPE log SYSTEM "logger.dtd">
<log>
<record>
  <date>2022-12-01T16:38:41.646-0300</date>
  <logger>THAYANE STHEFFANY SILVA BARROS</logger>
  <level>FINE</level>
  <message>File 121110604-THAYANE STHEFFANY SILVA BARROS.zip was received. It was sent by THAYANE STHEFFANY SILVA BARROS from IP 192.168.0.22 at 01-12-2022 16*38*41</message>
</record>
