#
# A fatal error has been detected by the Java Runtime Environment:
#
#  SIGSEGV (0xb) at pc=0x00007f9efa8ab069, pid=10350, tid=10376
#
# JRE version: OpenJDK Runtime Environment Temurin-17.0.4.1+1 (17.0.4.1+1) (build 17.0.4.1+1)
# Java VM: OpenJDK 64-Bit Server VM Temurin-17.0.4.1+1 (17.0.4.1+1, mixed mode, tiered, compressed oops, compressed class ptrs, g1 gc, linux-amd64)
# Problematic frame:
# V  [libjvm.so+0xdfd069]  Symbol::as_C_string() const+0x9
#
# Core dump will be written. Default location: Core dumps may be processed with "/usr/share/apport/apport -p%p -s%s -c%c -d%d -P%P -u%u -g%g -- %E" (or dumping to /home/thayane/LEDA ROTEIROS/ROTEIROS_ESPECIAIS/RE8-01-RE-QuickSelect-environment/core.10350)
#
# If you would like to submit a bug report, please visit:
#   https://github.com/adoptium/adoptium-support/issues
#

---------------  S U M M A R Y ------------

Command Line: -XX:+ShowCodeDetailsInExceptionMessages -agentlib:jdwp=transport=dt_socket,suspend=y,address=localhost:34505 -javaagent:/home/thayane/snap/eclipse/62/amd64/configuration/org.eclipse.osgi/534/0/.cp/lib/javaagent-shaded.jar -Dfile.encoding=UTF-8 orderStatistic.test

Host: Intel(R) Celeron(R) CPU  N3160  @ 1.60GHz, 4 cores, 3G, Ubuntu 20.04.3 LTS
Time: Sat Nov  5 14:54:59 2022 -03 elapsed time: 37.482088 seconds (0d 0h 0m 37s)

---------------  T H R E A D  ---------------

Current thread (0x00007f9ef425e6a0):  JavaThread "JDWP Transport Listener: dt_socket" daemon [_thread_in_vm, id=10376, stack(0x00007f9edc387000,0x00007f9edc488000)]

Stack: [0x00007f9edc387000,0x00007f9edc488000],  sp=0x00007f9edc4869b0,  free space=1022k
Native frames: (J=compiled Java code, j=interpreted, Vv=VM code, C=native code)
V  [libjvm.so+0xdfd069]  Symbol::as_C_string() const+0x9
V  [libjvm.so+0xa0ee35]  JvmtiEnv::GetClassSignature(oopDesc*, char**, char**)+0x115
V  [libjvm.so+0x9c54e8]  jvmti_GetClassSignature+0x1f8
C  [libjdwp.so+0x2d824]  classSignature+0x44
C  [libjdwp.so+0x8448]  signatureWithGeneric+0x68
C  [libjdwp.so+0x13c09]  debugLoop_run+0x299
C  [libjdwp.so+0x27124]  attachThread+0x54
V  [libjvm.so+0xa2e262]  JvmtiAgentThread::call_start_function()+0x72
V  [libjvm.so+0xe59214]  JavaThread::thread_main_inner()+0x184
V  [libjvm.so+0xe5c99e]  Thread::call_run()+0xde
V  [libjvm.so+0xc16351]  thread_native_entry(Thread*)+0xe1


siginfo: si_signo: 11 (SIGSEGV), si_code: 1 (SEGV_MAPERR), si_addr: 0x0000000000430009

Register to memory mapping:

RAX=0x0000000000000042 is an unknown value
RBX=0x0000000100105320 is a pointer to class: 
orderStatistic.QuickSelect {0x0000000100105320}
 - instance size:     2
 - klass size:        66
 - access:            public synchronized 
 - state:             fully_initialized
 - name:              'orderStatistic/QuickSelect'
 - super:             'java/lang/Object'
 - sub:               
 - arrays:            NULL
 - methods:           Array<T>(0x00007f9e9783b978)
 - method ordering:   Array<T>(0x00007f9e9783c0d0)
 - default_methods:   Array<T>(0x0000000000000000)
 - local interfaces:  Array<T>(0x00007f9edd000058)
 - trans. interfaces: Array<T>(0x00007f9edd000058)
 - constants:         constant pool [75] {0x00007f9e9783c698} for 'orderStatistic/QuickSelect' cache=0x00007f9e9783c960
 - class loader data:  loader data: 0x00007f9ef4217dd0 for instance a 'jdk/internal/loader/ClassLoaders$AppClassLoader'{0x00000000c8198d38}
 - source file:       'QuickSelect.java'
 - source debug extension:       SMAP
QuickSelect.java
Java
*S jdt
*F
1 QuickSelect.java
2 file:/home/thayane/LEDA%20ROTEIROS/ROTEIROS_ESPECIAIS/RE8-01-RE-QuickSelect-environment/target/classes/
*L
*E

 - class annotations:       Array<T>(0x0000000000000000)
 - class type annotations:  Array<T>(0x0000000000000000)
 - field annotations:       Array<T>(0x0000000000000000)
 - field type annotations:  Array<T>(0x0000000000000000)
 - previous version:  constant pool [74] {0x00007f9e9783a5f8} for 'orderStatistic/QuickSelect' (extra) cache=0x00007f9e9783afa8
 - generic signature: '
[error occurred during error reporting (printing register info), id 0xb, SIGSEGV (0xb) at pc=0x00007f9efa8abfdb]

Registers:
RAX=0x0000000000000042, RBX=0x0000000100105320, RCX=0x00007f9e9783c698, RDX=0x000000000000001c
RSP=0x00007f9edc4869b0, RBP=0x00007f9edc4869c0, RSI=0x0000000000000000, RDI=0x0000000000430005
R8 =0x0000000100105320, R9 =0x000000000000001a, R10=0x000000000000001b, R11=0x00007f9efaf9b108
R12=0x00007f9ea806d080, R13=0x00007f9ea806d0b0, R14=0x0000000100105320, R15=0x00007f9ef425e4e0
RIP=0x00007f9efa8ab069, EFLAGS=0x0000000000010246, CSGSFS=0x002b000000000033, ERR=0x0000000000000004
  TRAPNO=0x000000000000000e

Top of Stack: (sp=0x00007f9edc4869b0)
0x00007f9edc4869b0:   0000000100105320 00007f9ea806d080
0x00007f9edc4869c0:   00007f9edc486a30 00007f9efa4bce35
0x00007f9edc4869d0:   0000000100105320 00000000000003d8
0x00007f9edc4869e0:   00007f9ef40165e0 00007f9ea806d468 

Instructions: (pc=0x00007f9efa8ab069)
0x00007f9efa8aaf69:   89 c8 39 ca 0f 84 a2 00 00 00 41 89 d1 29 ce 41
0x00007f9efa8aaf79:   29 c9 83 fe 06 76 18 8d 71 06 48 8b 34 37 49 89
0x00007f9efa8aaf89:   34 08 44 89 c9 83 e1 f8 01 c8 41 39 c9 74 7d 48
0x00007f9efa8aaf99:   63 c8 0f b6 74 0f 06 41 88 34 08 8d 48 01 39 ca
0x00007f9efa8aafa9:   7e 6a 48 63 c9 0f b6 74 0f 06 41 88 34 08 8d 48
0x00007f9efa8aafb9:   02 39 ca 7e 57 48 63 c9 0f b6 74 0f 06 41 88 34
0x00007f9efa8aafc9:   08 8d 48 03 39 ca 7e 44 48 63 c9 0f b6 74 0f 06
0x00007f9efa8aafd9:   41 88 34 08 8d 48 04 39 ca 7e 31 48 63 c9 0f b6
0x00007f9efa8aafe9:   74 0f 06 41 88 34 08 8d 48 05 39 ca 7e 1e 48 63
0x00007f9efa8aaff9:   c9 83 c0 06 0f b6 74 0f 06 41 88 34 08 39 c2 7e
0x00007f9efa8ab009:   0b 48 98 0f b6 4c 07 06 41 88 0c 00 48 63 d2 41
0x00007f9efa8ab019:   c6 04 10 00 4c 89 c0 c3 0f 1f 80 00 00 00 00 89
0x00007f9efa8ab029:   d6 31 c0 0f 1f 40 00 0f b6 4c 07 06 41 88 0c 00
0x00007f9efa8ab039:   48 83 c0 01 48 39 f0 75 ee 48 63 d2 41 c6 04 10
0x00007f9efa8ab049:   00 eb d1 31 c9 31 c0 e9 2b ff ff ff 90 66 2e 0f
0x00007f9efa8ab059:   1f 84 00 00 00 00 00 55 31 f6 48 89 e5 41 54 53
0x00007f9efa8ab069:   44 0f b7 67 04 48 89 fb 41 8d 7c 24 01 48 63 ff
0x00007f9efa8ab079:   e8 92 61 eb ff 0f b7 53 04 49 89 c0 44 39 e2 41
0x00007f9efa8ab089:   0f 4f d4 85 d2 0f 84 fd 00 00 00 48 8d 4b 07 89
0x00007f9efa8ab099:   d7 8d 72 ff 48 29 c8 48 83 f8 0e 0f 86 fe 00 00
0x00007f9efa8ab0a9:   00 83 fe 06 0f 86 f5 00 00 00 83 fe 0e 0f 86 16
0x00007f9efa8ab0b9:   01 00 00 89 d1 31 c0 c1 e9 04 48 c1 e1 04 66 0f
0x00007f9efa8ab0c9:   1f 84 00 00 00 00 00 f3 0f 6f 44 03 06 41 0f 11
0x00007f9efa8ab0d9:   04 00 48 83 c0 10 48 39 c8 75 ec 89 d1 83 e1 f0
0x00007f9efa8ab0e9:   89 c8 39 ca 0f 84 9e 00 00 00 89 d7 29 ce 29 cf
0x00007f9efa8ab0f9:   83 fe 06 76 16 8d 71 06 48 8b 34 33 49 89 34 08
0x00007f9efa8ab109:   89 f9 83 e1 f8 01 c8 39 cf 74 7d 48 63 c8 0f b6
0x00007f9efa8ab119:   74 0b 06 41 88 34 08 8d 48 01 39 ca 7e 6a 48 63
0x00007f9efa8ab129:   c9 0f b6 74 0b 06 41 88 34 08 8d 48 02 39 ca 7e
0x00007f9efa8ab139:   57 48 63 c9 0f b6 74 0b 06 41 88 34 08 8d 48 03
0x00007f9efa8ab149:   39 ca 7e 44 48 63 c9 0f b6 74 0b 06 41 88 34 08
0x00007f9efa8ab159:   8d 48 04 39 ca 7e 31 48 63 c9 0f b6 74 0b 06 41 


Stack slot to memory mapping:
stack at sp + 0 slots: 0x0000000100105320 is a pointer to class: 
orderStatistic.QuickSelect {0x0000000100105320}
 - instance size:     2
 - klass size:        66
 - access:            public synchronized 
 - state:             fully_initialized
 - name:              'orderStatistic/QuickSelect'
 - super:             'java/lang/Object'
 - sub:               
 - arrays:            NULL
 - methods:           Array<T>(0x00007f9e9783b978)
 - method ordering:   Array<T>(0x00007f9e9783c0d0)
 - default_methods:   Array<T>(0x0000000000000000)
 - local interfaces:  Array<T>(0x00007f9edd000058)
 - trans. interfaces: Array<T>(0x00007f9edd000058)
 - constants:         constant pool [75] {0x00007f9e9783c698} for 'orderStatistic/QuickSelect' cache=0x00007f9e9783c960
 - class loader data:  loader data: 0x00007f9ef4217dd0 for instance a 'jdk/internal/loader/ClassLoaders$AppClassLoader'{0x00000000c8198d38}
 - source file:       'QuickSelect.java'
 - source debug extension:       SMAP
QuickSelect.java
Java
*S jdt
*F
1 QuickSelect.java
2 file:/home/thayane/LEDA%20ROTEIROS/ROTEIROS_ESPECIAIS/RE8-01-RE-QuickSelect-environment/target/classes/
*L
*E

 - class annotations:       Array<T>(0x0000000000000000)
 - class type annotations:  Array<T>(0x0000000000000000)
 - field annotations:       Array<T>(0x0000000000000000)
 - field type annotations:  Array<T>(0x0000000000000000)
 - previous version:  constant pool [74] {0x00007f9e9783a5f8} for 'orderStatistic/QuickSelect' (extra) cache=0x00007f9e9783afa8
 - generic signature: '
[error occurred during error reporting (inspecting top of stack), id 0xb, SIGSEGV (0xb) at pc=0x00007f9efa8abfdb]


---------------  P R O C E S S  ---------------

Threads class SMR info:
_java_thread_list=0x00007f9ef43052c0, length=14, elements={
0x00007f9ef40264c0, 0x00007f9ef41354e0, 0x00007f9ef4136b30, 0x00007f9ef415b920,
0x00007f9ef415ccd0, 0x00007f9ef415e0e0, 0x00007f9ef415f760, 0x00007f9ef4160c40,
0x00007f9ef41620b0, 0x00007f9ef420c340, 0x00007f9ef425e6a0, 0x00007f9ef4271d70,
0x00007f9e98000fb0, 0x00007f9ef439b2b0
}

Java Threads: ( => current thread )
  0x00007f9ef40264c0 JavaThread "main" [_thread_blocked, id=10356, stack(0x00007f9ef9854000,0x00007f9ef9955000)]
  0x00007f9ef41354e0 JavaThread "Reference Handler" daemon [_thread_blocked, id=10364, stack(0x00007f9eddad2000,0x00007f9eddbd3000)]
  0x00007f9ef4136b30 JavaThread "Finalizer" daemon [_thread_blocked, id=10365, stack(0x00007f9edd9d1000,0x00007f9eddad2000)]
  0x00007f9ef415b920 JavaThread "Signal Dispatcher" daemon [_thread_blocked, id=10366, stack(0x00007f9edd8d0000,0x00007f9edd9d1000)]
  0x00007f9ef415ccd0 JavaThread "Service Thread" daemon [_thread_blocked, id=10367, stack(0x00007f9edc98d000,0x00007f9edca8e000)]
  0x00007f9ef415e0e0 JavaThread "Monitor Deflation Thread" daemon [_thread_blocked, id=10368, stack(0x00007f9edc88c000,0x00007f9edc98d000)]
  0x00007f9ef415f760 JavaThread "C2 CompilerThread0" daemon [_thread_blocked, id=10369, stack(0x00007f9edc78b000,0x00007f9edc88c000)]
  0x00007f9ef4160c40 JavaThread "C1 CompilerThread0" daemon [_thread_blocked, id=10370, stack(0x00007f9edc68a000,0x00007f9edc78b000)]
  0x00007f9ef41620b0 JavaThread "Sweeper thread" daemon [_thread_blocked, id=10371, stack(0x00007f9edc589000,0x00007f9edc68a000)]
  0x00007f9ef420c340 JavaThread "Common-Cleaner" daemon [_thread_blocked, id=10372, stack(0x00007f9edc488000,0x00007f9edc589000)]
=>0x00007f9ef425e6a0 JavaThread "JDWP Transport Listener: dt_socket" daemon [_thread_in_vm, id=10376, stack(0x00007f9edc387000,0x00007f9edc488000)]
  0x00007f9ef4271d70 JavaThread "JDWP Event Helper Thread" daemon [_thread_blocked, id=10378, stack(0x00007f9edc286000,0x00007f9edc387000)]
  0x00007f9e98000fb0 JavaThread "JDWP Command Reader" daemon [_thread_in_native, id=10379, stack(0x00007f9edc185000,0x00007f9edc286000)]
  0x00007f9ef439b2b0 JavaThread "Notification Thread" daemon [_thread_blocked, id=10383, stack(0x00007f9edc084000,0x00007f9edc185000)]

Other Threads:
  0x00007f9ef40e60f0 VMThread "VM Thread" [stack: 0x00007f9ef80dc000,0x00007f9ef81dc000] [id=10363]
  0x00007f9ef4177970 WatcherThread [stack: 0x00007f9e97700000,0x00007f9e97800000] [id=10384]
  0x00007f9ef4060d30 GCTaskThread "GC Thread#0" [stack: 0x00007f9ef8b07000,0x00007f9ef8c07000] [id=10358]
  0x00007f9ef4069a50 ConcurrentGCThread "G1 Main Marker" [stack: 0x00007f9ef8a05000,0x00007f9ef8b05000] [id=10359]
  0x00007f9ef406a9b0 ConcurrentGCThread "G1 Conc#0" [stack: 0x00007f9ef8903000,0x00007f9ef8a03000] [id=10360]
  0x00007f9ef40a48a0 ConcurrentGCThread "G1 Refine#0" [stack: 0x00007f9ef83fd000,0x00007f9ef84fd000] [id=10361]
  0x00007f9ef40a5790 ConcurrentGCThread "G1 Service" [stack: 0x00007f9ef82fb000,0x00007f9ef83fb000] [id=10362]

Threads with active compile tasks:

VM state: not at safepoint (normal execution)

VM Mutex/Monitor currently owned by a thread: None

Heap address: 0x00000000c4600000, size: 954 MB, Compressed Oops mode: 32-bit

CDS archive(s) not mapped
Compressed class space mapped at: 0x0000000100000000-0x0000000140000000, reserved size: 1073741824
Narrow klass base: 0x0000000000000000, Narrow klass shift: 3, Narrow klass range: 0x140000000

GC Precious Log:
 CPUs: 4 total, 4 available
 Memory: 3812M
 Large Page Support: Disabled
 NUMA Support: Disabled
 Compressed Oops: Enabled (32-bit)
 Heap Region Size: 1M
 Heap Min Capacity: 8M
 Heap Initial Capacity: 60M
 Heap Max Capacity: 954M
 Pre-touch: Disabled
 Parallel Workers: 4
 Concurrent Workers: 1
 Concurrent Refinement Workers: 4
 Periodic GC: Disabled

Heap:
 garbage-first heap   total 61440K, used 4096K [0x00000000c4600000, 0x0000000100000000)
  region size 1024K, 5 young (5120K), 0 survivors (0K)
 Metaspace       used 9404K, committed 9536K, reserved 1064960K
  class space    used 820K, committed 896K, reserved 1048576K

Heap Regions: E=young(eden), S=young(survivor), O=old, HS=humongous(starts), HC=humongous(continues), CS=collection set, F=free, OA=open archive, CA=closed archive, TAMS=top-at-mark-start (previous, next)
|   0|0x00000000c4600000, 0x00000000c4600000, 0x00000000c4700000|  0%| F|  |TAMS 0x00000000c4600000, 0x00000000c4600000| Untracked 
|   1|0x00000000c4700000, 0x00000000c4700000, 0x00000000c4800000|  0%| F|  |TAMS 0x00000000c4700000, 0x00000000c4700000| Untracked 
|   2|0x00000000c4800000, 0x00000000c4800000, 0x00000000c4900000|  0%| F|  |TAMS 0x00000000c4800000, 0x00000000c4800000| Untracked 
|   3|0x00000000c4900000, 0x00000000c4900000, 0x00000000c4a00000|  0%| F|  |TAMS 0x00000000c4900000, 0x00000000c4900000| Untracked 
|   4|0x00000000c4a00000, 0x00000000c4a00000, 0x00000000c4b00000|  0%| F|  |TAMS 0x00000000c4a00000, 0x00000000c4a00000| Untracked 
|   5|0x00000000c4b00000, 0x00000000c4b00000, 0x00000000c4c00000|  0%| F|  |TAMS 0x00000000c4b00000, 0x00000000c4b00000| Untracked 
|   6|0x00000000c4c00000, 0x00000000c4c00000, 0x00000000c4d00000|  0%| F|  |TAMS 0x00000000c4c00000, 0x00000000c4c00000| Untracked 
|   7|0x00000000c4d00000, 0x00000000c4d00000, 0x00000000c4e00000|  0%| F|  |TAMS 0x00000000c4d00000, 0x00000000c4d00000| Untracked 
|   8|0x00000000c4e00000, 0x00000000c4e00000, 0x00000000c4f00000|  0%| F|  |TAMS 0x00000000c4e00000, 0x00000000c4e00000| Untracked 
|   9|0x00000000c4f00000, 0x00000000c4f00000, 0x00000000c5000000|  0%| F|  |TAMS 0x00000000c4f00000, 0x00000000c4f00000| Untracked 
|  10|0x00000000c5000000, 0x00000000c5000000, 0x00000000c5100000|  0%| F|  |TAMS 0x00000000c5000000, 0x00000000c5000000| Untracked 
|  11|0x00000000c5100000, 0x00000000c5100000, 0x00000000c5200000|  0%| F|  |TAMS 0x00000000c5100000, 0x00000000c5100000| Untracked 
|  12|0x00000000c5200000, 0x00000000c5200000, 0x00000000c5300000|  0%| F|  |TAMS 0x00000000c5200000, 0x00000000c5200000| Untracked 
|  13|0x00000000c5300000, 0x00000000c5300000, 0x00000000c5400000|  0%| F|  |TAMS 0x00000000c5300000, 0x00000000c5300000| Untracked 
|  14|0x00000000c5400000, 0x00000000c5400000, 0x00000000c5500000|  0%| F|  |TAMS 0x00000000c5400000, 0x00000000c5400000| Untracked 
|  15|0x00000000c5500000, 0x00000000c5500000, 0x00000000c5600000|  0%| F|  |TAMS 0x00000000c5500000, 0x00000000c5500000| Untracked 
|  16|0x00000000c5600000, 0x00000000c5600000, 0x00000000c5700000|  0%| F|  |TAMS 0x00000000c5600000, 0x00000000c5600000| Untracked 
|  17|0x00000000c5700000, 0x00000000c5700000, 0x00000000c5800000|  0%| F|  |TAMS 0x00000000c5700000, 0x00000000c5700000| Untracked 
|  18|0x00000000c5800000, 0x00000000c5800000, 0x00000000c5900000|  0%| F|  |TAMS 0x00000000c5800000, 0x00000000c5800000| Untracked 
|  19|0x00000000c5900000, 0x00000000c5900000, 0x00000000c5a00000|  0%| F|  |TAMS 0x00000000c5900000, 0x00000000c5900000| Untracked 
|  20|0x00000000c5a00000, 0x00000000c5a00000, 0x00000000c5b00000|  0%| F|  |TAMS 0x00000000c5a00000, 0x00000000c5a00000| Untracked 
|  21|0x00000000c5b00000, 0x00000000c5b00000, 0x00000000c5c00000|  0%| F|  |TAMS 0x00000000c5b00000, 0x00000000c5b00000| Untracked 
|  22|0x00000000c5c00000, 0x00000000c5c00000, 0x00000000c5d00000|  0%| F|  |TAMS 0x00000000c5c00000, 0x00000000c5c00000| Untracked 
|  23|0x00000000c5d00000, 0x00000000c5d00000, 0x00000000c5e00000|  0%| F|  |TAMS 0x00000000c5d00000, 0x00000000c5d00000| Untracked 
|  24|0x00000000c5e00000, 0x00000000c5e00000, 0x00000000c5f00000|  0%| F|  |TAMS 0x00000000c5e00000, 0x00000000c5e00000| Untracked 
|  25|0x00000000c5f00000, 0x00000000c5f00000, 0x00000000c6000000|  0%| F|  |TAMS 0x00000000c5f00000, 0x00000000c5f00000| Untracked 
|  26|0x00000000c6000000, 0x00000000c6000000, 0x00000000c6100000|  0%| F|  |TAMS 0x00000000c6000000, 0x00000000c6000000| Untracked 
|  27|0x00000000c6100000, 0x00000000c6100000, 0x00000000c6200000|  0%| F|  |TAMS 0x00000000c6100000, 0x00000000c6100000| Untracked 
|  28|0x00000000c6200000, 0x00000000c6200000, 0x00000000c6300000|  0%| F|  |TAMS 0x00000000c6200000, 0x00000000c6200000| Untracked 
|  29|0x00000000c6300000, 0x00000000c6300000, 0x00000000c6400000|  0%| F|  |TAMS 0x00000000c6300000, 0x00000000c6300000| Untracked 
|  30|0x00000000c6400000, 0x00000000c6400000, 0x00000000c6500000|  0%| F|  |TAMS 0x00000000c6400000, 0x00000000c6400000| Untracked 
|  31|0x00000000c6500000, 0x00000000c6500000, 0x00000000c6600000|  0%| F|  |TAMS 0x00000000c6500000, 0x00000000c6500000| Untracked 
|  32|0x00000000c6600000, 0x00000000c6600000, 0x00000000c6700000|  0%| F|  |TAMS 0x00000000c6600000, 0x00000000c6600000| Untracked 
|  33|0x00000000c6700000, 0x00000000c6700000, 0x00000000c6800000|  0%| F|  |TAMS 0x00000000c6700000, 0x00000000c6700000| Untracked 
|  34|0x00000000c6800000, 0x00000000c6800000, 0x00000000c6900000|  0%| F|  |TAMS 0x00000000c6800000, 0x00000000c6800000| Untracked 
|  35|0x00000000c6900000, 0x00000000c6900000, 0x00000000c6a00000|  0%| F|  |TAMS 0x00000000c6900000, 0x00000000c6900000| Untracked 
|  36|0x00000000c6a00000, 0x00000000c6a00000, 0x00000000c6b00000|  0%| F|  |TAMS 0x00000000c6a00000, 0x00000000c6a00000| Untracked 
|  37|0x00000000c6b00000, 0x00000000c6b00000, 0x00000000c6c00000|  0%| F|  |TAMS 0x00000000c6b00000, 0x00000000c6b00000| Untracked 
|  38|0x00000000c6c00000, 0x00000000c6c00000, 0x00000000c6d00000|  0%| F|  |TAMS 0x00000000c6c00000, 0x00000000c6c00000| Untracked 
|  39|0x00000000c6d00000, 0x00000000c6d00000, 0x00000000c6e00000|  0%| F|  |TAMS 0x00000000c6d00000, 0x00000000c6d00000| Untracked 
|  40|0x00000000c6e00000, 0x00000000c6e00000, 0x00000000c6f00000|  0%| F|  |TAMS 0x00000000c6e00000, 0x00000000c6e00000| Untracked 
|  41|0x00000000c6f00000, 0x00000000c6f00000, 0x00000000c7000000|  0%| F|  |TAMS 0x00000000c6f00000, 0x00000000c6f00000| Untracked 
|  42|0x00000000c7000000, 0x00000000c7000000, 0x00000000c7100000|  0%| F|  |TAMS 0x00000000c7000000, 0x00000000c7000000| Untracked 
|  43|0x00000000c7100000, 0x00000000c7100000, 0x00000000c7200000|  0%| F|  |TAMS 0x00000000c7100000, 0x00000000c7100000| Untracked 
|  44|0x00000000c7200000, 0x00000000c7200000, 0x00000000c7300000|  0%| F|  |TAMS 0x00000000c7200000, 0x00000000c7200000| Untracked 
|  45|0x00000000c7300000, 0x00000000c7300000, 0x00000000c7400000|  0%| F|  |TAMS 0x00000000c7300000, 0x00000000c7300000| Untracked 
|  46|0x00000000c7400000, 0x00000000c7400000, 0x00000000c7500000|  0%| F|  |TAMS 0x00000000c7400000, 0x00000000c7400000| Untracked 
|  47|0x00000000c7500000, 0x00000000c7500000, 0x00000000c7600000|  0%| F|  |TAMS 0x00000000c7500000, 0x00000000c7500000| Untracked 
|  48|0x00000000c7600000, 0x00000000c7600000, 0x00000000c7700000|  0%| F|  |TAMS 0x00000000c7600000, 0x00000000c7600000| Untracked 
|  49|0x00000000c7700000, 0x00000000c7700000, 0x00000000c7800000|  0%| F|  |TAMS 0x00000000c7700000, 0x00000000c7700000| Untracked 
|  50|0x00000000c7800000, 0x00000000c7800000, 0x00000000c7900000|  0%| F|  |TAMS 0x00000000c7800000, 0x00000000c7800000| Untracked 
|  51|0x00000000c7900000, 0x00000000c7900000, 0x00000000c7a00000|  0%| F|  |TAMS 0x00000000c7900000, 0x00000000c7900000| Untracked 
|  52|0x00000000c7a00000, 0x00000000c7a00000, 0x00000000c7b00000|  0%| F|  |TAMS 0x00000000c7a00000, 0x00000000c7a00000| Untracked 
|  53|0x00000000c7b00000, 0x00000000c7b00000, 0x00000000c7c00000|  0%| F|  |TAMS 0x00000000c7b00000, 0x00000000c7b00000| Untracked 
|  54|0x00000000c7c00000, 0x00000000c7c00000, 0x00000000c7d00000|  0%| F|  |TAMS 0x00000000c7c00000, 0x00000000c7c00000| Untracked 
|  55|0x00000000c7d00000, 0x00000000c7df61d8, 0x00000000c7e00000| 96%| E|  |TAMS 0x00000000c7d00000, 0x00000000c7d00000| Complete 
|  56|0x00000000c7e00000, 0x00000000c7f00000, 0x00000000c7f00000|100%| E|CS|TAMS 0x00000000c7e00000, 0x00000000c7e00000| Complete 
|  57|0x00000000c7f00000, 0x00000000c8000000, 0x00000000c8000000|100%| E|CS|TAMS 0x00000000c7f00000, 0x00000000c7f00000| Complete 
|  58|0x00000000c8000000, 0x00000000c8100000, 0x00000000c8100000|100%| E|CS|TAMS 0x00000000c8000000, 0x00000000c8000000| Complete 
|  59|0x00000000c8100000, 0x00000000c8200000, 0x00000000c8200000|100%| E|CS|TAMS 0x00000000c8100000, 0x00000000c8100000| Complete 

Card table byte_map: [0x00007f9ef8e04000,0x00007f9ef8fe1000] _byte_map_base: 0x00007f9ef87e1000

Marking Bits (Prev, Next): (CMBitMap*) 0x00007f9ef40617b0, (CMBitMap*) 0x00007f9ef40617f0
 Prev Bits: [0x00007f9ee0abb000, 0x00007f9ee19a3000)
 Next Bits: [0x00007f9edfbd3000, 0x00007f9ee0abb000)

Polling page: 0x00007f9efb046000

Metaspace:

Usage:
  Non-class:      8,38 MB used.
      Class:    820,98 KB used.
       Both:      9,18 MB used.

Virtual space:
  Non-class space:       16,00 MB reserved,       8,44 MB ( 53%) committed,  2 nodes.
      Class space:        1,00 GB reserved,     896,00 KB ( <1%) committed,  1 nodes.
             Both:        1,02 GB reserved,       9,31 MB ( <1%) committed. 

Chunk freelists:
   Non-Class:  2,75 MB
       Class:  2,97 MB
        Both:  5,72 MB

MaxMetaspaceSize: unlimited
CompressedClassSpaceSize: 1,00 GB
Initial GC threshold: 21,00 MB
Current GC threshold: 21,00 MB
CDS: off
MetaspaceReclaimPolicy: balanced
 - commit_granule_bytes: 65536.
 - commit_granule_words: 8192.
 - virtual_space_node_default_size: 1048576.
 - enlarge_chunks_in_place: 1.
 - new_chunks_are_fully_committed: 0.
 - uncommit_free_chunks: 1.
 - use_allocation_guard: 0.
 - handle_deallocations: 1.


Internal statistics:

num_allocs_failed_limit: 0.
num_arena_births: 8.
num_arena_deaths: 0.
num_vsnodes_births: 3.
num_vsnodes_deaths: 0.
num_space_committed: 149.
num_space_uncommitted: 0.
num_chunks_returned_to_freelist: 0.
num_chunks_taken_from_freelist: 46.
num_chunk_merges: 0.
num_chunk_splits: 19.
num_chunks_enlarged: 15.
num_purges: 0.
num_inconsistent_stats: 0.

CodeHeap 'non-profiled nmethods': size=120032Kb used=134Kb max_used=134Kb free=119897Kb
 bounds [0x00007f9ee946b000, 0x00007f9ee96db000, 0x00007f9ef09a3000]
CodeHeap 'profiled nmethods': size=120028Kb used=615Kb max_used=615Kb free=119413Kb
 bounds [0x00007f9ee1f34000, 0x00007f9ee21a4000, 0x00007f9ee946b000]
CodeHeap 'non-nmethods': size=5700Kb used=1177Kb max_used=1193Kb free=4522Kb
 bounds [0x00007f9ee19a3000, 0x00007f9ee1c13000, 0x00007f9ee1f34000]
 total_blobs=831 nmethods=422 adapters=324
 compilation: enabled
              stopped_count=0, restarted_count=0
 full_count=0

Compilation events (20 events):
Event: 1,342 Thread 0x00007f9ef4160c40 nmethod 416 0x00007f9ee1fc8a10 code [0x00007f9ee1fc8c40, 0x00007f9ee1fc9400]
Event: 1,342 Thread 0x00007f9ef4160c40  417   !   3       java.security.cert.Certificate::equals (38 bytes)
Event: 1,344 Thread 0x00007f9ef4160c40 nmethod 417 0x00007f9ee1fc9690 code [0x00007f9ee1fc99a0, 0x00007f9ee1fcac20]
Event: 1,345 Thread 0x00007f9ef4160c40  418       3       java.lang.StringConcatHelper::stringOf (20 bytes)
Event: 1,345 Thread 0x00007f9ef4160c40 nmethod 418 0x00007f9ee1fcb390 code [0x00007f9ee1fcb540, 0x00007f9ee1fcb780]
Event: 1,346 Thread 0x00007f9ef4160c40  419       3       java.lang.StringConcatHelper::mix (27 bytes)
Event: 1,347 Thread 0x00007f9ef4160c40 nmethod 419 0x00007f9ee1fcb890 code [0x00007f9ee1fcba80, 0x00007f9ee1fcbea0]
Event: 1,362 Thread 0x00007f9ef4160c40  420       3       java.util.ArrayList::grow (60 bytes)
Event: 1,363 Thread 0x00007f9ef4160c40 nmethod 420 0x00007f9ee1fcc090 code [0x00007f9ee1fcc2a0, 0x00007f9ee1fcc910]
Event: 1,384 Thread 0x00007f9ef4160c40  421       3       org.eclipse.jdt.launching.internal.org.objectweb.asm.ClassReader::readUnsignedShort (26 bytes)
Event: 1,385 Thread 0x00007f9ef4160c40 nmethod 421 0x00007f9ee1fccb90 code [0x00007f9ee1fccd40, 0x00007f9ee1fcceb0]
Event: 1,433 Thread 0x00007f9ef415f760 nmethod 407 0x00007f9ee948b190 code [0x00007f9ee948b340, 0x00007f9ee948bdf8]
Event: 1,434 Thread 0x00007f9ef415f760  401       4       java.lang.invoke.VarForm::getMemberName (31 bytes)
Event: 1,435 Thread 0x00007f9ef415f760 nmethod 401 0x00007f9ee948c210 code [0x00007f9ee948c3a0, 0x00007f9ee948c478]
Event: 1,436 Thread 0x00007f9ef415f760  400       4       jdk.internal.misc.Unsafe::convEndian (16 bytes)
Event: 1,437 Thread 0x00007f9ef415f760 nmethod 400 0x00007f9ee948c590 code [0x00007f9ee948c700, 0x00007f9ee948c778]
Event: 35,546 Thread 0x00007f9ef4160c40  422       3       org.eclipse.jdt.launching.internal.org.objectweb.asm.ClassReader::readUtf (44 bytes)
Event: 35,547 Thread 0x00007f9ef4160c40 nmethod 422 0x00007f9ee1fccf90 code [0x00007f9ee1fcd160, 0x00007f9ee1fcd550]
Event: 35,548 Thread 0x00007f9ef4160c40  423       3       java.lang.StringUTF16::compress (20 bytes)
Event: 35,549 Thread 0x00007f9ef4160c40 nmethod 423 0x00007f9ee1fcd710 code [0x00007f9ee1fcd8c0, 0x00007f9ee1fcdb00]

GC Heap History (0 events):
No events

Deoptimization events (20 events):
Event: 1,295 Thread 0x00007f9ef40264c0 DEOPT PACKING pc=0x00007f9ee1fafbd4 sp=0x00007f9ef99506b0
Event: 1,295 Thread 0x00007f9ef40264c0 DEOPT UNPACKING pc=0x00007f9ee19f5810 sp=0x00007f9ef994fb38 mode 0
Event: 1,296 Thread 0x00007f9ef40264c0 DEOPT PACKING pc=0x00007f9ee1fafbd4 sp=0x00007f9ef99506b0
Event: 1,296 Thread 0x00007f9ef40264c0 DEOPT UNPACKING pc=0x00007f9ee19f5810 sp=0x00007f9ef994fb38 mode 0
Event: 1,296 Thread 0x00007f9ef40264c0 DEOPT PACKING pc=0x00007f9ee1fafbd4 sp=0x00007f9ef99506b0
Event: 1,296 Thread 0x00007f9ef40264c0 DEOPT UNPACKING pc=0x00007f9ee19f5810 sp=0x00007f9ef994fb38 mode 0
Event: 1,312 Thread 0x00007f9ef40264c0 DEOPT PACKING pc=0x00007f9ee1fafafc sp=0x00007f9ef99505e0
Event: 1,312 Thread 0x00007f9ef40264c0 DEOPT UNPACKING pc=0x00007f9ee19f5810 sp=0x00007f9ef994fa68 mode 0
Event: 1,328 Thread 0x00007f9ef40264c0 DEOPT PACKING pc=0x00007f9ee1fafbd4 sp=0x00007f9ef99506a0
Event: 1,328 Thread 0x00007f9ef40264c0 DEOPT UNPACKING pc=0x00007f9ee19f5810 sp=0x00007f9ef994fb28 mode 0
Event: 1,328 Thread 0x00007f9ef40264c0 DEOPT PACKING pc=0x00007f9ee1fafbd4 sp=0x00007f9ef9950560
Event: 1,329 Thread 0x00007f9ef40264c0 DEOPT UNPACKING pc=0x00007f9ee19f5810 sp=0x00007f9ef994f9e8 mode 0
Event: 1,339 Thread 0x00007f9ef40264c0 DEOPT PACKING pc=0x00007f9ee1fafbd4 sp=0x00007f9ef994f040
Event: 1,339 Thread 0x00007f9ef40264c0 DEOPT UNPACKING pc=0x00007f9ee19f5810 sp=0x00007f9ef994e4c8 mode 0
Event: 1,339 Thread 0x00007f9ef40264c0 DEOPT PACKING pc=0x00007f9ee1fafbd4 sp=0x00007f9ef994f040
Event: 1,339 Thread 0x00007f9ef40264c0 DEOPT UNPACKING pc=0x00007f9ee19f5810 sp=0x00007f9ef994e4c8 mode 0
Event: 1,340 Thread 0x00007f9ef40264c0 DEOPT PACKING pc=0x00007f9ee1fafafc sp=0x00007f9ef994f040
Event: 1,340 Thread 0x00007f9ef40264c0 DEOPT UNPACKING pc=0x00007f9ee19f5810 sp=0x00007f9ef994e4c8 mode 0
Event: 1,340 Thread 0x00007f9ef40264c0 DEOPT PACKING pc=0x00007f9ee1fafafc sp=0x00007f9ef994f040
Event: 1,340 Thread 0x00007f9ef40264c0 DEOPT UNPACKING pc=0x00007f9ee19f5810 sp=0x00007f9ef994e4c8 mode 0

Classes unloaded (0 events):
No events

Classes redefined (1 events):
Event: 35,553 Thread 0x00007f9ef40e60f0 redefined class name=orderStatistic.QuickSelect, count=1

Internal exceptions (0 events):
No events

VM Operations (20 events):
Event: 23,039 Executing VM operation: get/set locals
Event: 23,039 Executing VM operation: get/set locals done
Event: 23,040 Executing VM operation: get/set locals
Event: 23,040 Executing VM operation: get/set locals done
Event: 25,247 Executing VM operation: ChangeSingleStep
Event: 25,247 Executing VM operation: ChangeSingleStep done
Event: 25,250 Executing VM operation: get/set locals
Event: 25,250 Executing VM operation: get/set locals done
Event: 25,255 Executing VM operation: ChangeSingleStep
Event: 25,256 Executing VM operation: ChangeSingleStep done
Event: 25,285 Executing VM operation: get/set locals
Event: 25,285 Executing VM operation: get/set locals done
Event: 25,340 Executing VM operation: get/set locals
Event: 25,340 Executing VM operation: get/set locals done
Event: 25,695 Executing VM operation: get/set locals
Event: 25,695 Executing VM operation: get/set locals done
Event: 25,698 Executing VM operation: get/set locals
Event: 25,699 Executing VM operation: get/set locals done
Event: 35,551 Executing VM operation: RedefineClasses
Event: 35,558 Executing VM operation: RedefineClasses done

Events (20 events):
Event: 1,254 loading class jdk/internal/reflect/ClassFileAssembler
Event: 1,254 loading class jdk/internal/reflect/ClassFileAssembler done
Event: 1,255 loading class jdk/internal/reflect/UTF8
Event: 1,255 loading class jdk/internal/reflect/UTF8 done
Event: 1,259 loading class jdk/internal/reflect/Label
Event: 1,259 loading class jdk/internal/reflect/Label done
Event: 1,260 loading class jdk/internal/reflect/Label$PatchInfo
Event: 1,260 loading class jdk/internal/reflect/Label$PatchInfo done
Event: 1,260 loading class jdk/internal/reflect/MethodAccessorGenerator$1
Event: 1,261 loading class jdk/internal/reflect/MethodAccessorGenerator$1 done
Event: 1,261 loading class jdk/internal/reflect/ClassDefiner
Event: 1,261 loading class jdk/internal/reflect/ClassDefiner done
Event: 1,261 loading class jdk/internal/reflect/ClassDefiner$1
Event: 1,261 loading class jdk/internal/reflect/ClassDefiner$1 done
Event: 1,262 loading class java/lang/Class$1
Event: 1,262 loading class java/lang/Class$1 done
Event: 1,263 loading class jdk/internal/reflect/BootstrapConstructorAccessorImpl
Event: 1,263 loading class jdk/internal/reflect/BootstrapConstructorAccessorImpl done
Event: 1,350 loading class java/lang/IllegalStateException
Event: 1,350 loading class java/lang/IllegalStateException done


Dynamic libraries:
c4600000-c8200000 rw-p 00000000 00:00 0 
c8200000-100000000 ---p 00000000 00:00 0 
100000000-100020000 rw-p 00000000 00:00 0 
100020000-100040000 rw-p 00000000 00:00 0 
100040000-1000d0000 rw-p 00000000 00:00 0 
1000d0000-100100000 ---p 00000000 00:00 0 
100100000-100110000 rw-p 00000000 00:00 0 
100110000-140000000 ---p 00000000 00:00 0 
559fc7532000-559fc7533000 r--p 00000000 07:0d 931                        /snap/eclipse/62/plugins/org.eclipse.justj.openjdk.hotspot.jre.full.linux.x86_64_17.0.4.v20220903-1038/jre/bin/java
559fc7533000-559fc7534000 r-xp 00001000 07:0d 931                        /snap/eclipse/62/plugins/org.eclipse.justj.openjdk.hotspot.jre.full.linux.x86_64_17.0.4.v20220903-1038/jre/bin/java
559fc7534000-559fc7535000 r--p 00002000 07:0d 931                        /snap/eclipse/62/plugins/org.eclipse.justj.openjdk.hotspot.jre.full.linux.x86_64_17.0.4.v20220903-1038/jre/bin/java
559fc7535000-559fc7536000 r--p 00002000 07:0d 931                        /snap/eclipse/62/plugins/org.eclipse.justj.openjdk.hotspot.jre.full.linux.x86_64_17.0.4.v20220903-1038/jre/bin/java
559fc7536000-559fc7537000 rw-p 00003000 07:0d 931                        /snap/eclipse/62/plugins/org.eclipse.justj.openjdk.hotspot.jre.full.linux.x86_64_17.0.4.v20220903-1038/jre/bin/java
559fc793a000-559fc795b000 rw-p 00000000 00:00 0                          [heap]
7f9e84000000-7f9e84021000 rw-p 00000000 00:00 0 
7f9e84021000-7f9e88000000 ---p 00000000 00:00 0 
7f9e8c000000-7f9e8c021000 rw-p 00000000 00:00 0 
7f9e8c021000-7f9e90000000 ---p 00000000 00:00 0 
7f9e90000000-7f9e90021000 rw-p 00000000 00:00 0 
7f9e90021000-7f9e94000000 ---p 00000000 00:00 0 
7f9e97313000-7f9e976fe000 rw-p 00000000 00:00 0 
7f9e976fe000-7f9e976ff000 ---p 00000000 00:00 0 
7f9e976ff000-7f9e97840000 rw-p 00000000 00:00 0 
7f9e97840000-7f9e97900000 ---p 00000000 00:00 0 
7f9e97900000-7f9e97930000 rw-p 00000000 00:00 0 
7f9e97930000-7f9e98000000 ---p 00000000 00:00 0 
7f9e98000000-7f9e98021000 rw-p 00000000 00:00 0 
7f9e98021000-7f9e9c000000 ---p 00000000 00:00 0 
7f9e9c000000-7f9e9c021000 rw-p 00000000 00:00 0 
7f9e9c021000-7f9ea0000000 ---p 00000000 00:00 0 
7f9ea0000000-7f9ea0021000 rw-p 00000000 00:00 0 
7f9ea0021000-7f9ea4000000 ---p 00000000 00:00 0 
7f9ea4000000-7f9ea4021000 rw-p 00000000 00:00 0 
7f9ea4021000-7f9ea8000000 ---p 00000000 00:00 0 
7f9ea8000000-7f9ea82b5000 rw-p 00000000 00:00 0 
7f9ea82b5000-7f9eac000000 ---p 00000000 00:00 0 
7f9eac000000-7f9eac27c000 rw-p 00000000 00:00 0 
7f9eac27c000-7f9eb0000000 ---p 00000000 00:00 0 
7f9eb0000000-7f9eb0021000 rw-p 00000000 00:00 0 
7f9eb0021000-7f9eb4000000 ---p 00000000 00:00 0 
7f9eb4000000-7f9eb4021000 rw-p 00000000 00:00 0 
7f9eb4021000-7f9eb8000000 ---p 00000000 00:00 0 
7f9eb8000000-7f9eb8021000 rw-p 00000000 00:00 0 
7f9eb8021000-7f9ebc000000 ---p 00000000 00:00 0 
7f9ebc000000-7f9ebc021000 rw-p 00000000 00:00 0 
7f9ebc021000-7f9ec0000000 ---p 00000000 00:00 0 
7f9ec0000000-7f9ec0021000 rw-p 00000000 00:00 0 
7f9ec0021000-7f9ec4000000 ---p 00000000 00:00 0 
7f9ec4000000-7f9ec4021000 rw-p 00000000 00:00 0 
7f9ec4021000-7f9ec8000000 ---p 00000000 00:00 0 
7f9ec8000000-7f9ec8021000 rw-p 00000000 00:00 0 
7f9ec8021000-7f9ecc000000 ---p 00000000 00:00 0 
7f9ecc000000-7f9ecc021000 rw-p 00000000 00:00 0 
7f9ecc021000-7f9ed0000000 ---p 00000000 00:00 0 
7f9ed0000000-7f9ed0021000 rw-p 00000000 00:00 0 
7f9ed0021000-7f9ed4000000 ---p 00000000 00:00 0 
7f9ed4000000-7f9ed4021000 rw-p 00000000 00:00 0 
7f9ed4021000-7f9ed8000000 ---p 00000000 00:00 0 
7f9ed8000000-7f9ed8021000 rw-p 00000000 00:00 0 
7f9ed8021000-7f9edc000000 ---p 00000000 00:00 0 
7f9edc084000-7f9edc088000 ---p 00000000 00:00 0 
7f9edc088000-7f9edc185000 rw-p 00000000 00:00 0 
7f9edc185000-7f9edc189000 ---p 00000000 00:00 0 
7f9edc189000-7f9edc286000 rw-p 00000000 00:00 0 
7f9edc286000-7f9edc28a000 ---p 00000000 00:00 0 
7f9edc28a000-7f9edc387000 rw-p 00000000 00:00 0 
7f9edc387000-7f9edc38b000 ---p 00000000 00:00 0 
7f9edc38b000-7f9edc488000 rw-p 00000000 00:00 0 
7f9edc488000-7f9edc48c000 ---p 00000000 00:00 0 
7f9edc48c000-7f9edc589000 rw-p 00000000 00:00 0 
7f9edc589000-7f9edc58d000 ---p 00000000 00:00 0 
7f9edc58d000-7f9edc68a000 rw-p 00000000 00:00 0 
7f9edc68a000-7f9edc68e000 ---p 00000000 00:00 0 
7f9edc68e000-7f9edc78b000 rw-p 00000000 00:00 0 
7f9edc78b000-7f9edc78f000 ---p 00000000 00:00 0 
7f9edc78f000-7f9edc88c000 rw-p 00000000 00:00 0 
7f9edc88c000-7f9edc890000 ---p 00000000 00:00 0 
7f9edc890000-7f9edc98d000 rw-p 00000000 00:00 0 
7f9edc98d000-7f9edc991000 ---p 00000000 00:00 0 
7f9edc991000-7f9edca8e000 rw-p 00000000 00:00 0 
7f9edca8e000-7f9edd000000 r--p 00000000 08:06 2361520                    /usr/lib/locale/locale-archive
7f9edd000000-7f9edd500000 rw-p 00000000 00:00 0 
7f9edd500000-7f9edd520000 rw-p 00000000 00:00 0 
7f9edd520000-7f9edd540000 rw-p 00000000 00:00 0 
7f9edd540000-7f9edd580000 rw-p 00000000 00:00 0 
7f9edd580000-7f9edd800000 rw-p 00000000 00:00 0 
7f9edd8d0000-7f9edd8d4000 ---p 00000000 00:00 0 
7f9edd8d4000-7f9edd9d1000 rw-p 00000000 00:00 0 
7f9edd9d1000-7f9edd9d5000 ---p 00000000 00:00 0 
7f9edd9d5000-7f9eddad2000 rw-p 00000000 00:00 0 
7f9eddad2000-7f9eddad6000 ---p 00000000 00:00 0 
7f9eddad6000-7f9edfcc3000 rw-p 00000000 00:00 0 
7f9edfcc3000-7f9ee0abb000 ---p 00000000 00:00 0 
7f9ee0abb000-7f9ee0bab000 rw-p 00000000 00:00 0 
7f9ee0bab000-7f9ee19a3000 ---p 00000000 00:00 0 
7f9ee19a3000-7f9ee1c13000 rwxp 00000000 00:00 0 
7f9ee1c13000-7f9ee1f34000 ---p 00000000 00:00 0 
7f9ee1f34000-7f9ee21a4000 rwxp 00000000 00:00 0 
7f9ee21a4000-7f9ee946b000 ---p 00000000 00:00 0 
7f9ee946b000-7f9ee96db000 rwxp 00000000 00:00 0 
7f9ee96db000-7f9ef09a3000 ---p 00000000 00:00 0 
7f9ef09a3000-7f9ef4000000 r--s 00000000 07:0d 1337                       /snap/eclipse/62/plugins/org.eclipse.justj.openjdk.hotspot.jre.full.linux.x86_64_17.0.4.v20220903-1038/jre/lib/modules
7f9ef4000000-7f9ef445b000 rw-p 00000000 00:00 0 
7f9ef445b000-7f9ef8000000 ---p 00000000 00:00 0 
7f9ef808b000-7f9ef808f000 r--p 00000000 07:0d 1335                       /snap/eclipse/62/plugins/org.eclipse.justj.openjdk.hotspot.jre.full.linux.x86_64_17.0.4.v20220903-1038/jre/lib/libverify.so
7f9ef808f000-7f9ef8096000 r-xp 00004000 07:0d 1335                       /snap/eclipse/62/plugins/org.eclipse.justj.openjdk.hotspot.jre.full.linux.x86_64_17.0.4.v20220903-1038/jre/lib/libverify.so
7f9ef8096000-7f9ef8098000 r--p 0000b000 07:0d 1335                       /snap/eclipse/62/plugins/org.eclipse.justj.openjdk.hotspot.jre.full.linux.x86_64_17.0.4.v20220903-1038/jre/lib/libverify.so
7f9ef8098000-7f9ef809a000 r--p 0000c000 07:0d 1335                       /snap/eclipse/62/plugins/org.eclipse.justj.openjdk.hotspot.jre.full.linux.x86_64_17.0.4.v20220903-1038/jre/lib/libverify.so
7f9ef809a000-7f9ef809b000 rw-p 0000e000 07:0d 1335                       /snap/eclipse/62/plugins/org.eclipse.justj.openjdk.hotspot.jre.full.linux.x86_64_17.0.4.v20220903-1038/jre/lib/libverify.so
7f9ef809b000-7f9ef809f000 r--p 00000000 07:0d 1328                       /snap/eclipse/62/plugins/org.eclipse.justj.openjdk.hotspot.jre.full.linux.x86_64_17.0.4.v20220903-1038/jre/lib/libnet.so
7f9ef809f000-7f9ef80ad000 r-xp 00004000 07:0d 1328                       /snap/eclipse/62/plugins/org.eclipse.justj.openjdk.hotspot.jre.full.linux.x86_64_17.0.4.v20220903-1038/jre/lib/libnet.so
7f9ef80ad000-7f9ef80b1000 r--p 00012000 07:0d 1328                       /snap/eclipse/62/plugins/org.eclipse.justj.openjdk.hotspot.jre.full.linux.x86_64_17.0.4.v20220903-1038/jre/lib/libnet.so
7f9ef80b1000-7f9ef80b2000 r--p 00015000 07:0d 1328                       /snap/eclipse/62/plugins/org.eclipse.justj.openjdk.hotspot.jre.full.linux.x86_64_17.0.4.v20220903-1038/jre/lib/libnet.so
7f9ef80b2000-7f9ef80b3000 rw-p 00016000 07:0d 1328                       /snap/eclipse/62/plugins/org.eclipse.justj.openjdk.hotspot.jre.full.linux.x86_64_17.0.4.v20220903-1038/jre/lib/libnet.so
7f9ef80b3000-7f9ef80ba000 r--p 00000000 07:0d 1329                       /snap/eclipse/62/plugins/org.eclipse.justj.openjdk.hotspot.jre.full.linux.x86_64_17.0.4.v20220903-1038/jre/lib/libnio.so
7f9ef80ba000-7f9ef80c3000 r-xp 00007000 07:0d 1329                       /snap/eclipse/62/plugins/org.eclipse.justj.openjdk.hotspot.jre.full.linux.x86_64_17.0.4.v20220903-1038/jre/lib/libnio.so
7f9ef80c3000-7f9ef80c7000 r--p 00010000 07:0d 1329                       /snap/eclipse/62/plugins/org.eclipse.justj.openjdk.hotspot.jre.full.linux.x86_64_17.0.4.v20220903-1038/jre/lib/libnio.so
7f9ef80c7000-7f9ef80c8000 ---p 00014000 07:0d 1329                       /snap/eclipse/62/plugins/org.eclipse.justj.openjdk.hotspot.jre.full.linux.x86_64_17.0.4.v20220903-1038/jre/lib/libnio.so
7f9ef80c8000-7f9ef80c9000 r--p 00014000 07:0d 1329                       /snap/eclipse/62/plugins/org.eclipse.justj.openjdk.hotspot.jre.full.linux.x86_64_17.0.4.v20220903-1038/jre/lib/libnio.so
7f9ef80c9000-7f9ef80ca000 rw-p 00015000 07:0d 1329                       /snap/eclipse/62/plugins/org.eclipse.justj.openjdk.hotspot.jre.full.linux.x86_64_17.0.4.v20220903-1038/jre/lib/libnio.so
7f9ef80ca000-7f9ef80cc000 r--p 00000000 07:0d 1307                       /snap/eclipse/62/plugins/org.eclipse.justj.openjdk.hotspot.jre.full.linux.x86_64_17.0.4.v20220903-1038/jre/lib/libdt_socket.so
7f9ef80cc000-7f9ef80cf000 r-xp 00002000 07:0d 1307                       /snap/eclipse/62/plugins/org.eclipse.justj.openjdk.hotspot.jre.full.linux.x86_64_17.0.4.v20220903-1038/jre/lib/libdt_socket.so
7f9ef80cf000-7f9ef80d0000 r--p 00005000 07:0d 1307                       /snap/eclipse/62/plugins/org.eclipse.justj.openjdk.hotspot.jre.full.linux.x86_64_17.0.4.v20220903-1038/jre/lib/libdt_socket.so
7f9ef80d0000-7f9ef80d1000 ---p 00006000 07:0d 1307                       /snap/eclipse/62/plugins/org.eclipse.justj.openjdk.hotspot.jre.full.linux.x86_64_17.0.4.v20220903-1038/jre/lib/libdt_socket.so
7f9ef80d1000-7f9ef80d2000 r--p 00006000 07:0d 1307                       /snap/eclipse/62/plugins/org.eclipse.justj.openjdk.hotspot.jre.full.linux.x86_64_17.0.4.v20220903-1038/jre/lib/libdt_socket.so
7f9ef80d2000-7f9ef80d3000 rw-p 00007000 07:0d 1307                       /snap/eclipse/62/plugins/org.eclipse.justj.openjdk.hotspot.jre.full.linux.x86_64_17.0.4.v20220903-1038/jre/lib/libdt_socket.so
7f9ef80d3000-7f9ef80da000 r--s 00000000 08:06 3022051                    /usr/lib/x86_64-linux-gnu/gconv/gconv-modules.cache
7f9ef80da000-7f9ef80db000 ---p 00000000 00:00 0 
7f9ef80db000-7f9ef82f9000 rw-p 00000000 00:00 0 
7f9ef82f9000-7f9ef82fa000 ---p 00000000 00:00 0 
7f9ef82fa000-7f9ef83fb000 rw-p 00000000 00:00 0 
7f9ef83fb000-7f9ef83fc000 ---p 00000000 00:00 0 
7f9ef83fc000-7f9ef8901000 rw-p 00000000 00:00 0 
7f9ef8901000-7f9ef8902000 ---p 00000000 00:00 0 
7f9ef8902000-7f9ef8a03000 rw-p 00000000 00:00 0 
7f9ef8a03000-7f9ef8a04000 ---p 00000000 00:00 0 
7f9ef8a04000-7f9ef8b05000 rw-p 00000000 00:00 0 
7f9ef8b05000-7f9ef8b06000 ---p 00000000 00:00 0 
7f9ef8b06000-7f9ef8c45000 rw-p 00000000 00:00 0 
7f9ef8c45000-7f9ef8e04000 ---p 00000000 00:00 0 
7f9ef8e04000-7f9ef8e22000 rw-p 00000000 00:00 0 
7f9ef8e22000-7f9ef8fe1000 ---p 00000000 00:00 0 
7f9ef8fe1000-7f9ef8fff000 rw-p 00000000 00:00 0 
7f9ef8fff000-7f9ef91be000 ---p 00000000 00:00 0 
7f9ef91be000-7f9ef95c7000 rw-p 00000000 00:00 0 
7f9ef95c7000-7f9ef96ad000 ---p 00000000 00:00 0 
7f9ef96ad000-7f9ef96b2000 rw-p 00000000 00:00 0 
7f9ef96b2000-7f9ef9798000 ---p 00000000 00:00 0 
7f9ef9798000-7f9ef979d000 rw-p 00000000 00:00 0 
7f9ef979d000-7f9ef97a4000 ---p 00000000 00:00 0 
7f9ef97a4000-7f9ef97a7000 r--p 00000000 08:06 2361503                    /usr/lib/x86_64-linux-gnu/libnss_files-2.31.so
7f9ef97a7000-7f9ef97ae000 r-xp 00003000 08:06 2361503                    /usr/lib/x86_64-linux-gnu/libnss_files-2.31.so
7f9ef97ae000-7f9ef97b0000 r--p 0000a000 08:06 2361503                    /usr/lib/x86_64-linux-gnu/libnss_files-2.31.so
7f9ef97b0000-7f9ef97b1000 r--p 0000b000 08:06 2361503                    /usr/lib/x86_64-linux-gnu/libnss_files-2.31.so
7f9ef97b1000-7f9ef97b2000 rw-p 0000c000 08:06 2361503                    /usr/lib/x86_64-linux-gnu/libnss_files-2.31.so
7f9ef97b2000-7f9ef97b8000 rw-p 00000000 00:00 0 
7f9ef97b8000-7f9ef97ba000 r--p 00000000 07:0d 1336                       /snap/eclipse/62/plugins/org.eclipse.justj.openjdk.hotspot.jre.full.linux.x86_64_17.0.4.v20220903-1038/jre/lib/libzip.so
7f9ef97ba000-7f9ef97be000 r-xp 00002000 07:0d 1336                       /snap/eclipse/62/plugins/org.eclipse.justj.openjdk.hotspot.jre.full.linux.x86_64_17.0.4.v20220903-1038/jre/lib/libzip.so
7f9ef97be000-7f9ef97c0000 r--p 00006000 07:0d 1336                       /snap/eclipse/62/plugins/org.eclipse.justj.openjdk.hotspot.jre.full.linux.x86_64_17.0.4.v20220903-1038/jre/lib/libzip.so
7f9ef97c0000-7f9ef97c1000 r--p 00007000 07:0d 1336                       /snap/eclipse/62/plugins/org.eclipse.justj.openjdk.hotspot.jre.full.linux.x86_64_17.0.4.v20220903-1038/jre/lib/libzip.so
7f9ef97c1000-7f9ef97c2000 rw-p 00008000 07:0d 1336                       /snap/eclipse/62/plugins/org.eclipse.justj.openjdk.hotspot.jre.full.linux.x86_64_17.0.4.v20220903-1038/jre/lib/libzip.so
7f9ef97c2000-7f9ef97ca000 rw-s 00000000 08:06 2889513                    /tmp/hsperfdata_thayane/10350
7f9ef97ca000-7f9ef97d7000 r--p 00000000 07:0d 1315                       /snap/eclipse/62/plugins/org.eclipse.justj.openjdk.hotspot.jre.full.linux.x86_64_17.0.4.v20220903-1038/jre/lib/libjava.so
7f9ef97d7000-7f9ef97e9000 r-xp 0000d000 07:0d 1315                       /snap/eclipse/62/plugins/org.eclipse.justj.openjdk.hotspot.jre.full.linux.x86_64_17.0.4.v20220903-1038/jre/lib/libjava.so
7f9ef97e9000-7f9ef97ef000 r--p 0001f000 07:0d 1315                       /snap/eclipse/62/plugins/org.eclipse.justj.openjdk.hotspot.jre.full.linux.x86_64_17.0.4.v20220903-1038/jre/lib/libjava.so
7f9ef97ef000-7f9ef97f0000 ---p 00025000 07:0d 1315                       /snap/eclipse/62/plugins/org.eclipse.justj.openjdk.hotspot.jre.full.linux.x86_64_17.0.4.v20220903-1038/jre/lib/libjava.so
7f9ef97f0000-7f9ef97f1000 r--p 00025000 07:0d 1315                       /snap/eclipse/62/plugins/org.eclipse.justj.openjdk.hotspot.jre.full.linux.x86_64_17.0.4.v20220903-1038/jre/lib/libjava.so
7f9ef97f1000-7f9ef97f2000 rw-p 00026000 07:0d 1315                       /snap/eclipse/62/plugins/org.eclipse.justj.openjdk.hotspot.jre.full.linux.x86_64_17.0.4.v20220903-1038/jre/lib/libjava.so
7f9ef97f2000-7f9ef97f3000 rw-p 00000000 00:00 0 
7f9ef97f3000-7f9ef97f6000 r--p 00000000 07:0d 1318                       /snap/eclipse/62/plugins/org.eclipse.justj.openjdk.hotspot.jre.full.linux.x86_64_17.0.4.v20220903-1038/jre/lib/libjdwp.so
7f9ef97f6000-7f9ef9823000 r-xp 00003000 07:0d 1318                       /snap/eclipse/62/plugins/org.eclipse.justj.openjdk.hotspot.jre.full.linux.x86_64_17.0.4.v20220903-1038/jre/lib/libjdwp.so
7f9ef9823000-7f9ef9831000 r--p 00030000 07:0d 1318                       /snap/eclipse/62/plugins/org.eclipse.justj.openjdk.hotspot.jre.full.linux.x86_64_17.0.4.v20220903-1038/jre/lib/libjdwp.so
7f9ef9831000-7f9ef9832000 r--p 0003d000 07:0d 1318                       /snap/eclipse/62/plugins/org.eclipse.justj.openjdk.hotspot.jre.full.linux.x86_64_17.0.4.v20220903-1038/jre/lib/libjdwp.so
7f9ef9832000-7f9ef9833000 rw-p 0003e000 07:0d 1318                       /snap/eclipse/62/plugins/org.eclipse.justj.openjdk.hotspot.jre.full.linux.x86_64_17.0.4.v20220903-1038/jre/lib/libjdwp.so
7f9ef9833000-7f9ef9834000 rw-p 00000000 00:00 0 
7f9ef9834000-7f9ef9838000 r--p 00000000 07:0d 1319                       /snap/eclipse/62/plugins/org.eclipse.justj.openjdk.hotspot.jre.full.linux.x86_64_17.0.4.v20220903-1038/jre/lib/libjimage.so
7f9ef9838000-7f9ef984b000 r-xp 00004000 07:0d 1319                       /snap/eclipse/62/plugins/org.eclipse.justj.openjdk.hotspot.jre.full.linux.x86_64_17.0.4.v20220903-1038/jre/lib/libjimage.so
7f9ef984b000-7f9ef9851000 r--p 00017000 07:0d 1319                       /snap/eclipse/62/plugins/org.eclipse.justj.openjdk.hotspot.jre.full.linux.x86_64_17.0.4.v20220903-1038/jre/lib/libjimage.so
7f9ef9851000-7f9ef9853000 r--p 0001c000 07:0d 1319                       /snap/eclipse/62/plugins/org.eclipse.justj.openjdk.hotspot.jre.full.linux.x86_64_17.0.4.v20220903-1038/jre/lib/libjimage.so
7f9ef9853000-7f9ef9854000 rw-p 0001e000 07:0d 1319                       /snap/eclipse/62/plugins/org.eclipse.justj.openjdk.hotspot.jre.full.linux.x86_64_17.0.4.v20220903-1038/jre/lib/libjimage.so
7f9ef9854000-7f9ef9858000 ---p 00000000 00:00 0 
7f9ef9858000-7f9ef9955000 rw-p 00000000 00:00 0 
7f9ef9955000-7f9ef9962000 r--p 00000000 08:06 2361497                    /usr/lib/x86_64-linux-gnu/libm-2.31.so
7f9ef9962000-7f9ef9a09000 r-xp 0000d000 08:06 2361497                    /usr/lib/x86_64-linux-gnu/libm-2.31.so
7f9ef9a09000-7f9ef9aa2000 r--p 000b4000 08:06 2361497                    /usr/lib/x86_64-linux-gnu/libm-2.31.so
7f9ef9aa2000-7f9ef9aa3000 r--p 0014c000 08:06 2361497                    /usr/lib/x86_64-linux-gnu/libm-2.31.so
7f9ef9aa3000-7f9ef9aa4000 rw-p 0014d000 08:06 2361497                    /usr/lib/x86_64-linux-gnu/libm-2.31.so
7f9ef9aa4000-7f9ef9aa6000 r--p 00000000 08:06 2361510                    /usr/lib/x86_64-linux-gnu/librt-2.31.so
7f9ef9aa6000-7f9ef9aaa000 r-xp 00002000 08:06 2361510                    /usr/lib/x86_64-linux-gnu/librt-2.31.so
7f9ef9aaa000-7f9ef9aac000 r--p 00006000 08:06 2361510                    /usr/lib/x86_64-linux-gnu/librt-2.31.so
7f9ef9aac000-7f9ef9aad000 r--p 00007000 08:06 2361510                    /usr/lib/x86_64-linux-gnu/librt-2.31.so
7f9ef9aad000-7f9ef9aae000 rw-p 00008000 08:06 2361510                    /usr/lib/x86_64-linux-gnu/librt-2.31.so
7f9ef9aae000-7f9ef9cff000 r--p 00000000 07:0d 1347                       /snap/eclipse/62/plugins/org.eclipse.justj.openjdk.hotspot.jre.full.linux.x86_64_17.0.4.v20220903-1038/jre/lib/server/libjvm.so
7f9ef9cff000-7f9efaa18000 r-xp 00251000 07:0d 1347                       /snap/eclipse/62/plugins/org.eclipse.justj.openjdk.hotspot.jre.full.linux.x86_64_17.0.4.v20220903-1038/jre/lib/server/libjvm.so
7f9efaa18000-7f9efaca3000 r--p 00f6a000 07:0d 1347                       /snap/eclipse/62/plugins/org.eclipse.justj.openjdk.hotspot.jre.full.linux.x86_64_17.0.4.v20220903-1038/jre/lib/server/libjvm.so
7f9efaca3000-7f9efad5c000 r--p 011f4000 07:0d 1347                       /snap/eclipse/62/plugins/org.eclipse.justj.openjdk.hotspot.jre.full.linux.x86_64_17.0.4.v20220903-1038/jre/lib/server/libjvm.so
7f9efad5c000-7f9efad91000 rw-p 012ad000 07:0d 1347                       /snap/eclipse/62/plugins/org.eclipse.justj.openjdk.hotspot.jre.full.linux.x86_64_17.0.4.v20220903-1038/jre/lib/server/libjvm.so
7f9efad91000-7f9efadec000 rw-p 00000000 00:00 0 
7f9efadec000-7f9efae0e000 r--p 00000000 08:06 2361495                    /usr/lib/x86_64-linux-gnu/libc-2.31.so
7f9efae0e000-7f9efaf86000 r-xp 00022000 08:06 2361495                    /usr/lib/x86_64-linux-gnu/libc-2.31.so
7f9efaf86000-7f9efafd4000 r--p 0019a000 08:06 2361495                    /usr/lib/x86_64-linux-gnu/libc-2.31.so
7f9efafd4000-7f9efafd8000 r--p 001e7000 08:06 2361495                    /usr/lib/x86_64-linux-gnu/libc-2.31.so
7f9efafd8000-7f9efafda000 rw-p 001eb000 08:06 2361495                    /usr/lib/x86_64-linux-gnu/libc-2.31.so
7f9efafda000-7f9efafde000 rw-p 00000000 00:00 0 
7f9efafde000-7f9efafdf000 r--p 00000000 08:06 2361496                    /usr/lib/x86_64-linux-gnu/libdl-2.31.so
7f9efafdf000-7f9efafe1000 r-xp 00001000 08:06 2361496                    /usr/lib/x86_64-linux-gnu/libdl-2.31.so
7f9efafe1000-7f9efafe2000 r--p 00003000 08:06 2361496                    /usr/lib/x86_64-linux-gnu/libdl-2.31.so
7f9efafe2000-7f9efafe3000 r--p 00003000 08:06 2361496                    /usr/lib/x86_64-linux-gnu/libdl-2.31.so
7f9efafe3000-7f9efafe4000 rw-p 00004000 08:06 2361496                    /usr/lib/x86_64-linux-gnu/libdl-2.31.so
7f9efafe4000-7f9efafea000 r--p 00000000 08:06 2361508                    /usr/lib/x86_64-linux-gnu/libpthread-2.31.so
7f9efafea000-7f9efaffb000 r-xp 00006000 08:06 2361508                    /usr/lib/x86_64-linux-gnu/libpthread-2.31.so
7f9efaffb000-7f9efb001000 r--p 00017000 08:06 2361508                    /usr/lib/x86_64-linux-gnu/libpthread-2.31.so
7f9efb001000-7f9efb002000 r--p 0001c000 08:06 2361508                    /usr/lib/x86_64-linux-gnu/libpthread-2.31.so
7f9efb002000-7f9efb003000 rw-p 0001d000 08:06 2361508                    /usr/lib/x86_64-linux-gnu/libpthread-2.31.so
7f9efb003000-7f9efb007000 rw-p 00000000 00:00 0 
7f9efb007000-7f9efb00a000 r--p 00000000 07:0d 1320                       /snap/eclipse/62/plugins/org.eclipse.justj.openjdk.hotspot.jre.full.linux.x86_64_17.0.4.v20220903-1038/jre/lib/libjli.so
7f9efb00a000-7f9efb014000 r-xp 00003000 07:0d 1320                       /snap/eclipse/62/plugins/org.eclipse.justj.openjdk.hotspot.jre.full.linux.x86_64_17.0.4.v20220903-1038/jre/lib/libjli.so
7f9efb014000-7f9efb017000 r--p 0000d000 07:0d 1320                       /snap/eclipse/62/plugins/org.eclipse.justj.openjdk.hotspot.jre.full.linux.x86_64_17.0.4.v20220903-1038/jre/lib/libjli.so
7f9efb017000-7f9efb018000 ---p 00010000 07:0d 1320                       /snap/eclipse/62/plugins/org.eclipse.justj.openjdk.hotspot.jre.full.linux.x86_64_17.0.4.v20220903-1038/jre/lib/libjli.so
7f9efb018000-7f9efb019000 r--p 00010000 07:0d 1320                       /snap/eclipse/62/plugins/org.eclipse.justj.openjdk.hotspot.jre.full.linux.x86_64_17.0.4.v20220903-1038/jre/lib/libjli.so
7f9efb019000-7f9efb01a000 rw-p 00011000 07:0d 1320                       /snap/eclipse/62/plugins/org.eclipse.justj.openjdk.hotspot.jre.full.linux.x86_64_17.0.4.v20220903-1038/jre/lib/libjli.so
7f9efb01a000-7f9efb01c000 r--p 00000000 08:06 2360735                    /usr/lib/x86_64-linux-gnu/libz.so.1.2.11
7f9efb01c000-7f9efb02d000 r-xp 00002000 08:06 2360735                    /usr/lib/x86_64-linux-gnu/libz.so.1.2.11
7f9efb02d000-7f9efb033000 r--p 00013000 08:06 2360735                    /usr/lib/x86_64-linux-gnu/libz.so.1.2.11
7f9efb033000-7f9efb034000 ---p 00019000 08:06 2360735                    /usr/lib/x86_64-linux-gnu/libz.so.1.2.11
7f9efb034000-7f9efb035000 r--p 00019000 08:06 2360735                    /usr/lib/x86_64-linux-gnu/libz.so.1.2.11
7f9efb035000-7f9efb036000 rw-p 0001a000 08:06 2360735                    /usr/lib/x86_64-linux-gnu/libz.so.1.2.11
7f9efb039000-7f9efb03b000 r--p 00000000 07:0d 1310                       /snap/eclipse/62/plugins/org.eclipse.justj.openjdk.hotspot.jre.full.linux.x86_64_17.0.4.v20220903-1038/jre/lib/libinstrument.so
7f9efb03b000-7f9efb041000 r-xp 00002000 07:0d 1310                       /snap/eclipse/62/plugins/org.eclipse.justj.openjdk.hotspot.jre.full.linux.x86_64_17.0.4.v20220903-1038/jre/lib/libinstrument.so
7f9efb041000-7f9efb044000 r--p 00008000 07:0d 1310                       /snap/eclipse/62/plugins/org.eclipse.justj.openjdk.hotspot.jre.full.linux.x86_64_17.0.4.v20220903-1038/jre/lib/libinstrument.so
7f9efb044000-7f9efb045000 r--p 0000a000 07:0d 1310                       /snap/eclipse/62/plugins/org.eclipse.justj.openjdk.hotspot.jre.full.linux.x86_64_17.0.4.v20220903-1038/jre/lib/libinstrument.so
7f9efb045000-7f9efb046000 rw-p 0000b000 07:0d 1310                       /snap/eclipse/62/plugins/org.eclipse.justj.openjdk.hotspot.jre.full.linux.x86_64_17.0.4.v20220903-1038/jre/lib/libinstrument.so
7f9efb046000-7f9efb047000 ---p 00000000 00:00 0 
7f9efb047000-7f9efb048000 r--p 00000000 00:00 0 
7f9efb048000-7f9efb04a000 rw-p 00000000 00:00 0 
7f9efb04a000-7f9efb04b000 r--p 00000000 08:06 2361488                    /usr/lib/x86_64-linux-gnu/ld-2.31.so
7f9efb04b000-7f9efb06e000 r-xp 00001000 08:06 2361488                    /usr/lib/x86_64-linux-gnu/ld-2.31.so
7f9efb06e000-7f9efb076000 r--p 00024000 08:06 2361488                    /usr/lib/x86_64-linux-gnu/ld-2.31.so
7f9efb076000-7f9efb077000 ---p 00000000 00:00 0 
7f9efb077000-7f9efb078000 r--p 0002c000 08:06 2361488                    /usr/lib/x86_64-linux-gnu/ld-2.31.so
7f9efb078000-7f9efb079000 rw-p 0002d000 08:06 2361488                    /usr/lib/x86_64-linux-gnu/ld-2.31.so
7f9efb079000-7f9efb07a000 rw-p 00000000 00:00 0 
7fffccc65000-7fffccc86000 rw-p 00000000 00:00 0                          [stack]
7fffccc9c000-7fffccca0000 r--p 00000000 00:00 0                          [vvar]
7fffccca0000-7fffccca2000 r-xp 00000000 00:00 0                          [vdso]
ffffffffff600000-ffffffffff601000 --xp 00000000 00:00 0                  [vsyscall]


VM Arguments:
jvm_args: -XX:+ShowCodeDetailsInExceptionMessages -agentlib:jdwp=transport=dt_socket,suspend=y,address=localhost:34505 -javaagent:/home/thayane/snap/eclipse/62/amd64/configuration/org.eclipse.osgi/534/0/.cp/lib/javaagent-shaded.jar -Dfile.encoding=UTF-8 
java_command: orderStatistic.test
java_class_path (initial): /home/thayane/LEDA ROTEIROS/ROTEIROS_ESPECIAIS/RE8-01-RE-QuickSelect-environment/target/classes:/home/thayane/.m2/repository/junit/junit/4.13.1/junit-4.13.1.jar:/home/thayane/.m2/repository/org/hamcrest/hamcrest-core/1.3/hamcrest-core-1.3.jar
Launcher Type: SUN_STANDARD

[Global flags]
     intx CICompilerCount                          = 3                                         {product} {ergonomic}
     uint ConcGCThreads                            = 1                                         {product} {ergonomic}
     uint G1ConcRefinementThreads                  = 4                                         {product} {ergonomic}
   size_t G1HeapRegionSize                         = 1048576                                   {product} {ergonomic}
    uintx GCDrainStackTargetSize                   = 64                                        {product} {ergonomic}
   size_t InitialHeapSize                          = 62914560                                  {product} {ergonomic}
   size_t MarkStackSize                            = 4194304                                   {product} {ergonomic}
   size_t MaxHeapSize                              = 1000341504                                {product} {ergonomic}
   size_t MaxNewSize                               = 599785472                                 {product} {ergonomic}
   size_t MinHeapDeltaBytes                        = 1048576                                   {product} {ergonomic}
   size_t MinHeapSize                              = 8388608                                   {product} {ergonomic}
    uintx NonNMethodCodeHeapSize                   = 5832780                                {pd product} {ergonomic}
    uintx NonProfiledCodeHeapSize                  = 122912730                              {pd product} {ergonomic}
    uintx ProfiledCodeHeapSize                     = 122912730                              {pd product} {ergonomic}
    uintx ReservedCodeCacheSize                    = 251658240                              {pd product} {ergonomic}
     bool SegmentedCodeCache                       = true                                      {product} {ergonomic}
     bool ShowCodeDetailsInExceptionMessages       = true                                   {manageable} {command line}
   size_t SoftMaxHeapSize                          = 1000341504                             {manageable} {ergonomic}
     bool UseCompressedClassPointers               = true                           {product lp64_product} {ergonomic}
     bool UseCompressedOops                        = true                           {product lp64_product} {ergonomic}
     bool UseG1GC                                  = true                                      {product} {ergonomic}

Logging:
Log output configuration:
 #0: stdout all=warning uptime,level,tags
 #1: stderr all=off uptime,level,tags

Environment Variables:
PATH=/home/thayane/.local/bin:/usr/local/sbin:/usr/local/bin:/usr/sbin:/usr/bin:/sbin:/bin:/usr/games:/usr/local/games:/snap/bin
USERNAME=thayane
SHELL=/bin/bash
DISPLAY=:0
LANG=pt_BR.UTF-8

Signal Handlers:
   SIGSEGV: crash_handler in libjvm.so, mask=11100100010111111101111111111110, flags=SA_RESTART|SA_SIGINFO
    SIGBUS: crash_handler in libjvm.so, mask=11100100010111111101111111111110, flags=SA_RESTART|SA_SIGINFO
    SIGFPE: crash_handler in libjvm.so, mask=11100100010111111101111111111110, flags=SA_RESTART|SA_SIGINFO
   SIGPIPE: javaSignalHandler in libjvm.so, mask=11100100010111111101111111111110, flags=SA_RESTART|SA_SIGINFO
   SIGXFSZ: javaSignalHandler in libjvm.so, mask=11100100010111111101111111111110, flags=SA_RESTART|SA_SIGINFO
    SIGILL: crash_handler in libjvm.so, mask=11100100010111111101111111111110, flags=SA_RESTART|SA_SIGINFO
   SIGUSR2: SR_handler in libjvm.so, mask=00100000000000000000000000000000, flags=SA_RESTART|SA_SIGINFO
    SIGHUP: UserHandler in libjvm.so, mask=11100100010111111101111111111110, flags=SA_RESTART|SA_SIGINFO
    SIGINT: UserHandler in libjvm.so, mask=11100100010111111101111111111110, flags=SA_RESTART|SA_SIGINFO
   SIGTERM: UserHandler in libjvm.so, mask=11100100010111111101111111111110, flags=SA_RESTART|SA_SIGINFO
   SIGQUIT: UserHandler in libjvm.so, mask=11100100010111111101111111111110, flags=SA_RESTART|SA_SIGINFO
  *** Handler was modified!
  *** Expected: javaSignalHandler in libjvm.so, mask=11100100110111111111111111111110, flags=SA_RESTART|SA_SIGINFO
   SIGTRAP: crash_handler in libjvm.so, mask=11100100010111111101111111111110, flags=SA_RESTART|SA_SIGINFO


---------------  S Y S T E M  ---------------

OS:
DISTRIB_ID=Ubuntu
DISTRIB_RELEASE=20.04
DISTRIB_CODENAME=focal
DISTRIB_DESCRIPTION="Ubuntu 20.04.3 LTS"
uname: Linux 5.15.0-52-generic #58~20.04.1-Ubuntu SMP Thu Oct 13 13:09:46 UTC 2022 x86_64
OS uptime: 0 days 1:06 hours
libc: glibc 2.31 NPTL 2.31 
rlimit (soft/hard): STACK 8192k/infinity , CORE 0k/infinity , NPROC 14967/14967 , NOFILE 1048576/1048576 , AS infinity/infinity , CPU infinity/infinity , DATA infinity/infinity , FSIZE infinity/infinity , MEMLOCK 65536k/65536k
load average: 1,94 1,49 1,25

/proc/meminfo:
MemTotal:        3904152 kB
MemFree:          118924 kB
MemAvailable:     540500 kB
Buffers:           20344 kB
Cached:           850764 kB
SwapCached:        19656 kB
Active:           889472 kB
Inactive:        2547908 kB
Active(anon):     589340 kB
Inactive(anon):  2264132 kB
Active(file):     300132 kB
Inactive(file):   283776 kB
Unevictable:       57028 kB
Mlocked:              64 kB
SwapTotal:       2097148 kB
SwapFree:        1182600 kB
Dirty:               760 kB
Writeback:             0 kB
AnonPages:       2612224 kB
Mapped:           301716 kB
Shmem:            288064 kB
KReclaimable:      92272 kB
Slab:             187916 kB
SReclaimable:      92272 kB
SUnreclaim:        95644 kB
KernelStack:       15056 kB
PageTables:        31836 kB
NFS_Unstable:          0 kB
Bounce:                0 kB
WritebackTmp:          0 kB
CommitLimit:     4049224 kB
Committed_AS:    8614508 kB
VmallocTotal:   34359738367 kB
VmallocUsed:       40588 kB
VmallocChunk:          0 kB
Percpu:             3472 kB
HardwareCorrupted:     0 kB
AnonHugePages:         0 kB
ShmemHugePages:        0 kB
ShmemPmdMapped:        0 kB
FileHugePages:         0 kB
FilePmdMapped:         0 kB
HugePages_Total:       0
HugePages_Free:        0
HugePages_Rsvd:        0
HugePages_Surp:        0
Hugepagesize:       2048 kB
Hugetlb:               0 kB
DirectMap4k:      287924 kB
DirectMap2M:     3792896 kB

/sys/kernel/mm/transparent_hugepage/enabled: always [madvise] never
/sys/kernel/mm/transparent_hugepage/defrag (defrag/compaction efforts parameter): always defer defer+madvise [madvise] never

Process Memory:
Virtual Size: 3856200K (peak: 3917660K)
Resident Set Size: 58476K (peak: 58476K) (anon: 30832K, file: 27644K, shmem: 0K)
Swapped out: 0K
C-Heap outstanding allocations: 18285K, retained: 6162K
glibc malloc tunables: (default)

/proc/sys/kernel/threads-max (system-wide limit on the number of threads): 29934
/proc/sys/vm/max_map_count (maximum number of memory map areas a process may have): 65530
/proc/sys/kernel/pid_max (system-wide limit on number of process identifiers): 4194304

container (cgroup) information:
container_type: cgroupv1
cpu_cpuset_cpus: 0-3
cpu_memory_nodes: 0
active_processor_count: 4
cpu_quota: no quota
cpu_period: 100000
cpu_shares: no shares
memory_limit_in_bytes: unlimited
memory_and_swap_limit_in_bytes: unlimited
memory_soft_limit_in_bytes: unlimited
memory_usage_in_bytes: 3219860 k
memory_max_usage_in_bytes: 3296700 k
maximum number of tasks: unlimited
current number of tasks: 744

Steal ticks since vm start: 0
Steal ticks percentage since vm start:  0,000

CPU: total 4 (initial active 4) (4 cores per cpu, 1 threads per core) family 6 model 76 stepping 4 microcode 0x411, cx8, cmov, fxsr, mmx, 3dnowpref, sse, sse2, sse3, ssse3, sse4.1, sse4.2, popcnt, tsc, tscinvbit, aes, erms, clmul, clflush
CPU Model and flags from /proc/cpuinfo:
model name	: Intel(R) Celeron(R) CPU  N3160  @ 1.60GHz
flags		: fpu vme de pse tsc msr pae mce cx8 apic sep mtrr pge mca cmov pat pse36 clflush dts acpi mmx fxsr sse sse2 ss ht tm pbe syscall nx rdtscp lm constant_tsc arch_perfmon pebs bts rep_good nopl xtopology tsc_reliable nonstop_tsc cpuid aperfmperf tsc_known_freq pni pclmulqdq dtes64 monitor ds_cpl vmx est tm2 ssse3 cx16 xtpr pdcm sse4_1 sse4_2 movbe popcnt tsc_deadline_timer aes rdrand lahf_lm 3dnowprefetch epb pti ibrs ibpb stibp tpr_shadow vnmi flexpriority ept vpid tsc_adjust smep erms dtherm ida arat md_clear

Online cpus: 0-3
Offline cpus: 
BIOS frequency limitation: <Not Available>
Frequency switch latency (ns): 20000
Available cpu frequencies: <Not Available>
Current governor: ondemand
Core performance/turbo boost: <Not Available>

Memory: 4k page, physical 3904152k(118924k free), swap 2097148k(1182600k free)
Page Sizes: 4k

vm_info: OpenJDK 64-Bit Server VM (17.0.4.1+1) for linux-amd64 JRE (17.0.4.1+1), built on Aug 12 2022 00:00:00 by "temurin" with gcc 10.3.0

END.
