#
# A fatal error has been detected by the Java Runtime Environment:
#
#  SIGSEGV (0xb) at pc=0x00007f62923d9069, pid=20219, tid=20242
#
# JRE version: OpenJDK Runtime Environment Temurin-17.0.4.1+1 (17.0.4.1+1) (build 17.0.4.1+1)
# Java VM: OpenJDK 64-Bit Server VM Temurin-17.0.4.1+1 (17.0.4.1+1, mixed mode, tiered, compressed oops, compressed class ptrs, g1 gc, linux-amd64)
# Problematic frame:
# V  [libjvm.so+0xdfd069]  Symbol::as_C_string() const+0x9
#
# Core dump will be written. Default location: Core dumps may be processed with "/usr/share/apport/apport -p%p -s%s -c%c -d%d -P%P -u%u -g%g -- %E" (or dumping to /home/thayane/LEDA ROTEIROS/ROTEIROS_ESPECIAIS/RE1-01-RE-RecursiveBubblesort-environment/core.20219)
#
# If you would like to submit a bug report, please visit:
#   https://github.com/adoptium/adoptium-support/issues
#

---------------  S U M M A R Y ------------

Command Line: -XX:+ShowCodeDetailsInExceptionMessages -agentlib:jdwp=transport=dt_socket,suspend=y,address=localhost:36981 -javaagent:/home/thayane/snap/eclipse/62/amd64/configuration/org.eclipse.osgi/534/0/.cp/lib/javaagent-shaded.jar -Dfile.encoding=UTF-8 sorting.variationsOfBubblesort.tes

Host: Intel(R) Celeron(R) CPU  N3160  @ 1.60GHz, 4 cores, 3G, Ubuntu 20.04.3 LTS
Time: Sat Nov  5 17:18:07 2022 -03 elapsed time: 85.544318 seconds (0d 0h 1m 25s)

---------------  T H R E A D  ---------------

Current thread (0x00007f628c266810):  JavaThread "JDWP Transport Listener: dt_socket" daemon [_thread_in_vm, id=20242, stack(0x00007f6237eff000,0x00007f6238000000)]

Stack: [0x00007f6237eff000,0x00007f6238000000],  sp=0x00007f6237ffe9b0,  free space=1022k
Native frames: (J=compiled Java code, j=interpreted, Vv=VM code, C=native code)
V  [libjvm.so+0xdfd069]  Symbol::as_C_string() const+0x9
V  [libjvm.so+0xa0ee35]  JvmtiEnv::GetClassSignature(oopDesc*, char**, char**)+0x115
V  [libjvm.so+0x9c54e8]  jvmti_GetClassSignature+0x1f8
C  [libjdwp.so+0x2d824]  classSignature+0x44
C  [libjdwp.so+0x8448]  signatureWithGeneric+0x68
C  [libjdwp.so+0x13c09]  debugLoop_run+0x299
C  [libjdwp.so+0x27124]  attachThread+0x54
V  [libjvm.so+0xa2e262]  JvmtiAgentThread::call_start_function()+0x72
V  [libjvm.so+0xe59214]  JavaThread::thread_main_inner()+0x184
V  [libjvm.so+0xe5c99e]  Thread::call_run()+0xde
V  [libjvm.so+0xc16351]  thread_native_entry(Thread*)+0xe1


siginfo: si_signo: 11 (SIGSEGV), si_code: 1 (SEGV_MAPERR), si_addr: 0x0000000000110014

Register to memory mapping:

RAX=0x000000000000002f is an unknown value
RBX=0x0000000100105750 is a pointer to class: 
sorting.variationsOfBubblesort.RecursiveBubbleSort {0x0000000100105750}
 - instance size:     2
 - klass size:        70
 - access:            public synchronized 
 - state:             fully_initialized
 - name:              'sorting/variationsOfBubblesort/RecursiveBubbleSort'
 - super:             'sorting/AbstractSorting'
 - sub:               
 - arrays:            NULL
 - methods:           Array<T>(0x00007f623743b4e8)
 - method ordering:   Array<T>(0x00007f623743b808)
 - default_methods:   Array<T>(0x0000000000000000)
 - local interfaces:  Array<T>(0x00007f6275000058)
 - trans. interfaces: Array<T>(0x00007f623743ab08)
 - constants:         constant pool [49] {0x00007f623743bc00} for 'sorting/variationsOfBubblesort/RecursiveBubbleSort' cache=0x00007f623743bdf0
 - class loader data:  loader data: 0x00007f628c1ffc10 for instance a 'jdk/internal/loader/ClassLoaders$AppClassLoader'{0x00000000c8198db0}
 - source file:       'RecursiveBubbleSort.java'
 - source debug extension:       SMAP
RecursiveBubbleSort.java
Java
*S jdt
*F
1 RecursiveBubbleSort.java
2 file:/home/thayane/LEDA%20ROTEIROS/ROTEIROS_ESPECIAIS/RE1-01-RE-RecursiveBubblesort-environment/target/classes/
*L
*E

 - class annotations:       Array<T>(0x0000000000000000)
 - class type annotations:  Array<T>(0x0000000000000000)
 - field annotations:       Array<T>(0x0000000000000000)
 - field type annotations:  Array<T>(0x0000000000000000)
 - generic signature: '
[error occurred during error reporting (printing register info), id 0xb, SIGSEGV (0xb) at pc=0x00007f62923d9fdb]

Registers:
RAX=0x000000000000002f, RBX=0x0000000100105750, RCX=0x00007f623743bc00, RDX=0x0000000000000004
RSP=0x00007f6237ffe9b0, RBP=0x00007f6237ffe9c0, RSI=0x0000000000000000, RDI=0x0000000000110010
R8 =0x0000000100105750, R9 =0x0000000000000032, R10=0x0000000000000033, R11=0x00007f6292ac9108
R12=0x00007f6240029d00, R13=0x00007f6240029d50, R14=0x0000000100105750, R15=0x00007f628c266650
RIP=0x00007f62923d9069, EFLAGS=0x0000000000010246, CSGSFS=0x002b000000000033, ERR=0x0000000000000004
  TRAPNO=0x000000000000000e

Top of Stack: (sp=0x00007f6237ffe9b0)
0x00007f6237ffe9b0:   0000000100105750 00007f6240029d00
0x00007f6237ffe9c0:   00007f6237ffea30 00007f6291feae35
0x00007f6237ffe9d0:   0000000100105750 00000000000003d8
0x00007f6237ffe9e0:   00007f628c016610 00007f624002a0e8 

Instructions: (pc=0x00007f62923d9069)
0x00007f62923d8f69:   89 c8 39 ca 0f 84 a2 00 00 00 41 89 d1 29 ce 41
0x00007f62923d8f79:   29 c9 83 fe 06 76 18 8d 71 06 48 8b 34 37 49 89
0x00007f62923d8f89:   34 08 44 89 c9 83 e1 f8 01 c8 41 39 c9 74 7d 48
0x00007f62923d8f99:   63 c8 0f b6 74 0f 06 41 88 34 08 8d 48 01 39 ca
0x00007f62923d8fa9:   7e 6a 48 63 c9 0f b6 74 0f 06 41 88 34 08 8d 48
0x00007f62923d8fb9:   02 39 ca 7e 57 48 63 c9 0f b6 74 0f 06 41 88 34
0x00007f62923d8fc9:   08 8d 48 03 39 ca 7e 44 48 63 c9 0f b6 74 0f 06
0x00007f62923d8fd9:   41 88 34 08 8d 48 04 39 ca 7e 31 48 63 c9 0f b6
0x00007f62923d8fe9:   74 0f 06 41 88 34 08 8d 48 05 39 ca 7e 1e 48 63
0x00007f62923d8ff9:   c9 83 c0 06 0f b6 74 0f 06 41 88 34 08 39 c2 7e
0x00007f62923d9009:   0b 48 98 0f b6 4c 07 06 41 88 0c 00 48 63 d2 41
0x00007f62923d9019:   c6 04 10 00 4c 89 c0 c3 0f 1f 80 00 00 00 00 89
0x00007f62923d9029:   d6 31 c0 0f 1f 40 00 0f b6 4c 07 06 41 88 0c 00
0x00007f62923d9039:   48 83 c0 01 48 39 f0 75 ee 48 63 d2 41 c6 04 10
0x00007f62923d9049:   00 eb d1 31 c9 31 c0 e9 2b ff ff ff 90 66 2e 0f
0x00007f62923d9059:   1f 84 00 00 00 00 00 55 31 f6 48 89 e5 41 54 53
0x00007f62923d9069:   44 0f b7 67 04 48 89 fb 41 8d 7c 24 01 48 63 ff
0x00007f62923d9079:   e8 92 61 eb ff 0f b7 53 04 49 89 c0 44 39 e2 41
0x00007f62923d9089:   0f 4f d4 85 d2 0f 84 fd 00 00 00 48 8d 4b 07 89
0x00007f62923d9099:   d7 8d 72 ff 48 29 c8 48 83 f8 0e 0f 86 fe 00 00
0x00007f62923d90a9:   00 83 fe 06 0f 86 f5 00 00 00 83 fe 0e 0f 86 16
0x00007f62923d90b9:   01 00 00 89 d1 31 c0 c1 e9 04 48 c1 e1 04 66 0f
0x00007f62923d90c9:   1f 84 00 00 00 00 00 f3 0f 6f 44 03 06 41 0f 11
0x00007f62923d90d9:   04 00 48 83 c0 10 48 39 c8 75 ec 89 d1 83 e1 f0
0x00007f62923d90e9:   89 c8 39 ca 0f 84 9e 00 00 00 89 d7 29 ce 29 cf
0x00007f62923d90f9:   83 fe 06 76 16 8d 71 06 48 8b 34 33 49 89 34 08
0x00007f62923d9109:   89 f9 83 e1 f8 01 c8 39 cf 74 7d 48 63 c8 0f b6
0x00007f62923d9119:   74 0b 06 41 88 34 08 8d 48 01 39 ca 7e 6a 48 63
0x00007f62923d9129:   c9 0f b6 74 0b 06 41 88 34 08 8d 48 02 39 ca 7e
0x00007f62923d9139:   57 48 63 c9 0f b6 74 0b 06 41 88 34 08 8d 48 03
0x00007f62923d9149:   39 ca 7e 44 48 63 c9 0f b6 74 0b 06 41 88 34 08
0x00007f62923d9159:   8d 48 04 39 ca 7e 31 48 63 c9 0f b6 74 0b 06 41 


Stack slot to memory mapping:
stack at sp + 0 slots: 0x0000000100105750 is a pointer to class: 
sorting.variationsOfBubblesort.RecursiveBubbleSort {0x0000000100105750}
 - instance size:     2
 - klass size:        70
 - access:            public synchronized 
 - state:             fully_initialized
 - name:              'sorting/variationsOfBubblesort/RecursiveBubbleSort'
 - super:             'sorting/AbstractSorting'
 - sub:               
 - arrays:            NULL
 - methods:           Array<T>(0x00007f623743b4e8)
 - method ordering:   Array<T>(0x00007f623743b808)
 - default_methods:   Array<T>(0x0000000000000000)
 - local interfaces:  Array<T>(0x00007f6275000058)
 - trans. interfaces: Array<T>(0x00007f623743ab08)
 - constants:         constant pool [49] {0x00007f623743bc00} for 'sorting/variationsOfBubblesort/RecursiveBubbleSort' cache=0x00007f623743bdf0
 - class loader data:  loader data: 0x00007f628c1ffc10 for instance a 'jdk/internal/loader/ClassLoaders$AppClassLoader'{0x00000000c8198db0}
 - source file:       'RecursiveBubbleSort.java'
 - source debug extension:       SMAP
RecursiveBubbleSort.java
Java
*S jdt
*F
1 RecursiveBubbleSort.java
2 file:/home/thayane/LEDA%20ROTEIROS/ROTEIROS_ESPECIAIS/RE1-01-RE-RecursiveBubblesort-environment/target/classes/
*L
*E

 - class annotations:       Array<T>(0x0000000000000000)
 - class type annotations:  Array<T>(0x0000000000000000)
 - field annotations:       Array<T>(0x0000000000000000)
 - field type annotations:  Array<T>(0x0000000000000000)
 - generic signature: '
[error occurred during error reporting (inspecting top of stack), id 0xb, SIGSEGV (0xb) at pc=0x00007f62923d9fdb]


---------------  P R O C E S S  ---------------

Threads class SMR info:
_java_thread_list=0x00007f628c30dab0, length=14, elements={
0x00007f628c0264f0, 0x00007f628c135510, 0x00007f628c136b60, 0x00007f628c15b960,
0x00007f628c15cd10, 0x00007f628c15e120, 0x00007f628c15f7a0, 0x00007f628c160c80,
0x00007f628c1620f0, 0x00007f628c1f4670, 0x00007f628c266810, 0x00007f628c279ee0,
0x00007f6230000fb0, 0x00007f628c3a3c20
}

Java Threads: ( => current thread )
  0x00007f628c0264f0 JavaThread "main" [_thread_blocked, id=20225, stack(0x00007f6291382000,0x00007f6291483000)]
  0x00007f628c135510 JavaThread "Reference Handler" daemon [_thread_blocked, id=20232, stack(0x00007f6274dfd000,0x00007f6274efe000)]
  0x00007f628c136b60 JavaThread "Finalizer" daemon [_thread_blocked, id=20233, stack(0x00007f6274cfc000,0x00007f6274dfd000)]
  0x00007f628c15b960 JavaThread "Signal Dispatcher" daemon [_thread_blocked, id=20234, stack(0x00007f6274689000,0x00007f627478a000)]
  0x00007f628c15cd10 JavaThread "Service Thread" daemon [_thread_blocked, id=20235, stack(0x00007f6274588000,0x00007f6274689000)]
  0x00007f628c15e120 JavaThread "Monitor Deflation Thread" daemon [_thread_blocked, id=20236, stack(0x00007f6274487000,0x00007f6274588000)]
  0x00007f628c15f7a0 JavaThread "C2 CompilerThread0" daemon [_thread_blocked, id=20237, stack(0x00007f6274386000,0x00007f6274487000)]
  0x00007f628c160c80 JavaThread "C1 CompilerThread0" daemon [_thread_blocked, id=20238, stack(0x00007f6274285000,0x00007f6274386000)]
  0x00007f628c1620f0 JavaThread "Sweeper thread" daemon [_thread_blocked, id=20239, stack(0x00007f6274184000,0x00007f6274285000)]
  0x00007f628c1f4670 JavaThread "Common-Cleaner" daemon [_thread_blocked, id=20240, stack(0x00007f6274083000,0x00007f6274184000)]
=>0x00007f628c266810 JavaThread "JDWP Transport Listener: dt_socket" daemon [_thread_in_vm, id=20242, stack(0x00007f6237eff000,0x00007f6238000000)]
  0x00007f628c279ee0 JavaThread "JDWP Event Helper Thread" daemon [_thread_blocked, id=20244, stack(0x00007f6237dfe000,0x00007f6237eff000)]
  0x00007f6230000fb0 JavaThread "JDWP Command Reader" daemon [_thread_in_native, id=20245, stack(0x00007f6237cfd000,0x00007f6237dfe000)]
  0x00007f628c3a3c20 JavaThread "Notification Thread" daemon [_thread_blocked, id=20249, stack(0x00007f62372ff000,0x00007f6237400000)]

Other Threads:
  0x00007f628c0e6120 VMThread "VM Thread" [stack: 0x00007f6274f00000,0x00007f6275000000] [id=20231]
  0x00007f628c177da0 WatcherThread [stack: 0x00007f62371ff000,0x00007f62372ff000] [id=20250]
  0x00007f628c060d60 GCTaskThread "GC Thread#0" [stack: 0x00007f6290635000,0x00007f6290735000] [id=20226]
  0x00007f628c069a80 ConcurrentGCThread "G1 Main Marker" [stack: 0x00007f6290533000,0x00007f6290633000] [id=20227]
  0x00007f628c06a9e0 ConcurrentGCThread "G1 Conc#0" [stack: 0x00007f6290431000,0x00007f6290531000] [id=20228]
  0x00007f628c0a48d0 ConcurrentGCThread "G1 Refine#0" [stack: 0x00007f6275ad3000,0x00007f6275bd3000] [id=20229]
  0x00007f628c0a57c0 ConcurrentGCThread "G1 Service" [stack: 0x00007f62759d1000,0x00007f6275ad1000] [id=20230]

Threads with active compile tasks:

VM state: not at safepoint (normal execution)

VM Mutex/Monitor currently owned by a thread: None

Heap address: 0x00000000c4600000, size: 954 MB, Compressed Oops mode: 32-bit

CDS archive(s) not mapped
Compressed class space mapped at: 0x0000000100000000-0x0000000140000000, reserved size: 1073741824
Narrow klass base: 0x0000000000000000, Narrow klass shift: 3, Narrow klass range: 0x140000000

GC Precious Log:
 CPUs: 4 total, 4 available
 Memory: 3812M
 Large Page Support: Disabled
 NUMA Support: Disabled
 Compressed Oops: Enabled (32-bit)
 Heap Region Size: 1M
 Heap Min Capacity: 8M
 Heap Initial Capacity: 60M
 Heap Max Capacity: 954M
 Pre-touch: Disabled
 Parallel Workers: 4
 Concurrent Workers: 1
 Concurrent Refinement Workers: 4
 Periodic GC: Disabled

Heap:
 garbage-first heap   total 61440K, used 4096K [0x00000000c4600000, 0x0000000100000000)
  region size 1024K, 5 young (5120K), 0 survivors (0K)
 Metaspace       used 9407K, committed 9536K, reserved 1064960K
  class space    used 822K, committed 896K, reserved 1048576K

Heap Regions: E=young(eden), S=young(survivor), O=old, HS=humongous(starts), HC=humongous(continues), CS=collection set, F=free, OA=open archive, CA=closed archive, TAMS=top-at-mark-start (previous, next)
|   0|0x00000000c4600000, 0x00000000c4600000, 0x00000000c4700000|  0%| F|  |TAMS 0x00000000c4600000, 0x00000000c4600000| Untracked 
|   1|0x00000000c4700000, 0x00000000c4700000, 0x00000000c4800000|  0%| F|  |TAMS 0x00000000c4700000, 0x00000000c4700000| Untracked 
|   2|0x00000000c4800000, 0x00000000c4800000, 0x00000000c4900000|  0%| F|  |TAMS 0x00000000c4800000, 0x00000000c4800000| Untracked 
|   3|0x00000000c4900000, 0x00000000c4900000, 0x00000000c4a00000|  0%| F|  |TAMS 0x00000000c4900000, 0x00000000c4900000| Untracked 
|   4|0x00000000c4a00000, 0x00000000c4a00000, 0x00000000c4b00000|  0%| F|  |TAMS 0x00000000c4a00000, 0x00000000c4a00000| Untracked 
|   5|0x00000000c4b00000, 0x00000000c4b00000, 0x00000000c4c00000|  0%| F|  |TAMS 0x00000000c4b00000, 0x00000000c4b00000| Untracked 
|   6|0x00000000c4c00000, 0x00000000c4c00000, 0x00000000c4d00000|  0%| F|  |TAMS 0x00000000c4c00000, 0x00000000c4c00000| Untracked 
|   7|0x00000000c4d00000, 0x00000000c4d00000, 0x00000000c4e00000|  0%| F|  |TAMS 0x00000000c4d00000, 0x00000000c4d00000| Untracked 
|   8|0x00000000c4e00000, 0x00000000c4e00000, 0x00000000c4f00000|  0%| F|  |TAMS 0x00000000c4e00000, 0x00000000c4e00000| Untracked 
|   9|0x00000000c4f00000, 0x00000000c4f00000, 0x00000000c5000000|  0%| F|  |TAMS 0x00000000c4f00000, 0x00000000c4f00000| Untracked 
|  10|0x00000000c5000000, 0x00000000c5000000, 0x00000000c5100000|  0%| F|  |TAMS 0x00000000c5000000, 0x00000000c5000000| Untracked 
|  11|0x00000000c5100000, 0x00000000c5100000, 0x00000000c5200000|  0%| F|  |TAMS 0x00000000c5100000, 0x00000000c5100000| Untracked 
|  12|0x00000000c5200000, 0x00000000c5200000, 0x00000000c5300000|  0%| F|  |TAMS 0x00000000c5200000, 0x00000000c5200000| Untracked 
|  13|0x00000000c5300000, 0x00000000c5300000, 0x00000000c5400000|  0%| F|  |TAMS 0x00000000c5300000, 0x00000000c5300000| Untracked 
|  14|0x00000000c5400000, 0x00000000c5400000, 0x00000000c5500000|  0%| F|  |TAMS 0x00000000c5400000, 0x00000000c5400000| Untracked 
|  15|0x00000000c5500000, 0x00000000c5500000, 0x00000000c5600000|  0%| F|  |TAMS 0x00000000c5500000, 0x00000000c5500000| Untracked 
|  16|0x00000000c5600000, 0x00000000c5600000, 0x00000000c5700000|  0%| F|  |TAMS 0x00000000c5600000, 0x00000000c5600000| Untracked 
|  17|0x00000000c5700000, 0x00000000c5700000, 0x00000000c5800000|  0%| F|  |TAMS 0x00000000c5700000, 0x00000000c5700000| Untracked 
|  18|0x00000000c5800000, 0x00000000c5800000, 0x00000000c5900000|  0%| F|  |TAMS 0x00000000c5800000, 0x00000000c5800000| Untracked 
|  19|0x00000000c5900000, 0x00000000c5900000, 0x00000000c5a00000|  0%| F|  |TAMS 0x00000000c5900000, 0x00000000c5900000| Untracked 
|  20|0x00000000c5a00000, 0x00000000c5a00000, 0x00000000c5b00000|  0%| F|  |TAMS 0x00000000c5a00000, 0x00000000c5a00000| Untracked 
|  21|0x00000000c5b00000, 0x00000000c5b00000, 0x00000000c5c00000|  0%| F|  |TAMS 0x00000000c5b00000, 0x00000000c5b00000| Untracked 
|  22|0x00000000c5c00000, 0x00000000c5c00000, 0x00000000c5d00000|  0%| F|  |TAMS 0x00000000c5c00000, 0x00000000c5c00000| Untracked 
|  23|0x00000000c5d00000, 0x00000000c5d00000, 0x00000000c5e00000|  0%| F|  |TAMS 0x00000000c5d00000, 0x00000000c5d00000| Untracked 
|  24|0x00000000c5e00000, 0x00000000c5e00000, 0x00000000c5f00000|  0%| F|  |TAMS 0x00000000c5e00000, 0x00000000c5e00000| Untracked 
|  25|0x00000000c5f00000, 0x00000000c5f00000, 0x00000000c6000000|  0%| F|  |TAMS 0x00000000c5f00000, 0x00000000c5f00000| Untracked 
|  26|0x00000000c6000000, 0x00000000c6000000, 0x00000000c6100000|  0%| F|  |TAMS 0x00000000c6000000, 0x00000000c6000000| Untracked 
|  27|0x00000000c6100000, 0x00000000c6100000, 0x00000000c6200000|  0%| F|  |TAMS 0x00000000c6100000, 0x00000000c6100000| Untracked 
|  28|0x00000000c6200000, 0x00000000c6200000, 0x00000000c6300000|  0%| F|  |TAMS 0x00000000c6200000, 0x00000000c6200000| Untracked 
|  29|0x00000000c6300000, 0x00000000c6300000, 0x00000000c6400000|  0%| F|  |TAMS 0x00000000c6300000, 0x00000000c6300000| Untracked 
|  30|0x00000000c6400000, 0x00000000c6400000, 0x00000000c6500000|  0%| F|  |TAMS 0x00000000c6400000, 0x00000000c6400000| Untracked 
|  31|0x00000000c6500000, 0x00000000c6500000, 0x00000000c6600000|  0%| F|  |TAMS 0x00000000c6500000, 0x00000000c6500000| Untracked 
|  32|0x00000000c6600000, 0x00000000c6600000, 0x00000000c6700000|  0%| F|  |TAMS 0x00000000c6600000, 0x00000000c6600000| Untracked 
|  33|0x00000000c6700000, 0x00000000c6700000, 0x00000000c6800000|  0%| F|  |TAMS 0x00000000c6700000, 0x00000000c6700000| Untracked 
|  34|0x00000000c6800000, 0x00000000c6800000, 0x00000000c6900000|  0%| F|  |TAMS 0x00000000c6800000, 0x00000000c6800000| Untracked 
|  35|0x00000000c6900000, 0x00000000c6900000, 0x00000000c6a00000|  0%| F|  |TAMS 0x00000000c6900000, 0x00000000c6900000| Untracked 
|  36|0x00000000c6a00000, 0x00000000c6a00000, 0x00000000c6b00000|  0%| F|  |TAMS 0x00000000c6a00000, 0x00000000c6a00000| Untracked 
|  37|0x00000000c6b00000, 0x00000000c6b00000, 0x00000000c6c00000|  0%| F|  |TAMS 0x00000000c6b00000, 0x00000000c6b00000| Untracked 
|  38|0x00000000c6c00000, 0x00000000c6c00000, 0x00000000c6d00000|  0%| F|  |TAMS 0x00000000c6c00000, 0x00000000c6c00000| Untracked 
|  39|0x00000000c6d00000, 0x00000000c6d00000, 0x00000000c6e00000|  0%| F|  |TAMS 0x00000000c6d00000, 0x00000000c6d00000| Untracked 
|  40|0x00000000c6e00000, 0x00000000c6e00000, 0x00000000c6f00000|  0%| F|  |TAMS 0x00000000c6e00000, 0x00000000c6e00000| Untracked 
|  41|0x00000000c6f00000, 0x00000000c6f00000, 0x00000000c7000000|  0%| F|  |TAMS 0x00000000c6f00000, 0x00000000c6f00000| Untracked 
|  42|0x00000000c7000000, 0x00000000c7000000, 0x00000000c7100000|  0%| F|  |TAMS 0x00000000c7000000, 0x00000000c7000000| Untracked 
|  43|0x00000000c7100000, 0x00000000c7100000, 0x00000000c7200000|  0%| F|  |TAMS 0x00000000c7100000, 0x00000000c7100000| Untracked 
|  44|0x00000000c7200000, 0x00000000c7200000, 0x00000000c7300000|  0%| F|  |TAMS 0x00000000c7200000, 0x00000000c7200000| Untracked 
|  45|0x00000000c7300000, 0x00000000c7300000, 0x00000000c7400000|  0%| F|  |TAMS 0x00000000c7300000, 0x00000000c7300000| Untracked 
|  46|0x00000000c7400000, 0x00000000c7400000, 0x00000000c7500000|  0%| F|  |TAMS 0x00000000c7400000, 0x00000000c7400000| Untracked 
|  47|0x00000000c7500000, 0x00000000c7500000, 0x00000000c7600000|  0%| F|  |TAMS 0x00000000c7500000, 0x00000000c7500000| Untracked 
|  48|0x00000000c7600000, 0x00000000c7600000, 0x00000000c7700000|  0%| F|  |TAMS 0x00000000c7600000, 0x00000000c7600000| Untracked 
|  49|0x00000000c7700000, 0x00000000c7700000, 0x00000000c7800000|  0%| F|  |TAMS 0x00000000c7700000, 0x00000000c7700000| Untracked 
|  50|0x00000000c7800000, 0x00000000c7800000, 0x00000000c7900000|  0%| F|  |TAMS 0x00000000c7800000, 0x00000000c7800000| Untracked 
|  51|0x00000000c7900000, 0x00000000c7900000, 0x00000000c7a00000|  0%| F|  |TAMS 0x00000000c7900000, 0x00000000c7900000| Untracked 
|  52|0x00000000c7a00000, 0x00000000c7a00000, 0x00000000c7b00000|  0%| F|  |TAMS 0x00000000c7a00000, 0x00000000c7a00000| Untracked 
|  53|0x00000000c7b00000, 0x00000000c7b00000, 0x00000000c7c00000|  0%| F|  |TAMS 0x00000000c7b00000, 0x00000000c7b00000| Untracked 
|  54|0x00000000c7c00000, 0x00000000c7c00000, 0x00000000c7d00000|  0%| F|  |TAMS 0x00000000c7c00000, 0x00000000c7c00000| Untracked 
|  55|0x00000000c7d00000, 0x00000000c7e00000, 0x00000000c7e00000|100%| E|  |TAMS 0x00000000c7d00000, 0x00000000c7d00000| Complete 
|  56|0x00000000c7e00000, 0x00000000c7f00000, 0x00000000c7f00000|100%| E|CS|TAMS 0x00000000c7e00000, 0x00000000c7e00000| Complete 
|  57|0x00000000c7f00000, 0x00000000c8000000, 0x00000000c8000000|100%| E|CS|TAMS 0x00000000c7f00000, 0x00000000c7f00000| Complete 
|  58|0x00000000c8000000, 0x00000000c8100000, 0x00000000c8100000|100%| E|CS|TAMS 0x00000000c8000000, 0x00000000c8000000| Complete 
|  59|0x00000000c8100000, 0x00000000c8200000, 0x00000000c8200000|100%| E|CS|TAMS 0x00000000c8100000, 0x00000000c8100000| Complete 

Card table byte_map: [0x00007f6290932000,0x00007f6290b0f000] _byte_map_base: 0x00007f629030f000

Marking Bits (Prev, Next): (CMBitMap*) 0x00007f628c0617e0, (CMBitMap*) 0x00007f628c061820
 Prev Bits: [0x00007f6278abb000, 0x00007f62799a3000)
 Next Bits: [0x00007f6277bd3000, 0x00007f6278abb000)

Polling page: 0x00007f6292b74000

Metaspace:

Usage:
  Non-class:      8,38 MB used.
      Class:    822,09 KB used.
       Both:      9,19 MB used.

Virtual space:
  Non-class space:       16,00 MB reserved,       8,44 MB ( 53%) committed,  2 nodes.
      Class space:        1,00 GB reserved,     896,00 KB ( <1%) committed,  1 nodes.
             Both:        1,02 GB reserved,       9,31 MB ( <1%) committed. 

Chunk freelists:
   Non-Class:  2,77 MB
       Class:  2,97 MB
        Both:  5,74 MB

MaxMetaspaceSize: unlimited
CompressedClassSpaceSize: 1,00 GB
Initial GC threshold: 21,00 MB
Current GC threshold: 21,00 MB
CDS: off
MetaspaceReclaimPolicy: balanced
 - commit_granule_bytes: 65536.
 - commit_granule_words: 8192.
 - virtual_space_node_default_size: 1048576.
 - enlarge_chunks_in_place: 1.
 - new_chunks_are_fully_committed: 0.
 - uncommit_free_chunks: 1.
 - use_allocation_guard: 0.
 - handle_deallocations: 1.


Internal statistics:

num_allocs_failed_limit: 0.
num_arena_births: 8.
num_arena_deaths: 0.
num_vsnodes_births: 3.
num_vsnodes_deaths: 0.
num_space_committed: 149.
num_space_uncommitted: 0.
num_chunks_returned_to_freelist: 0.
num_chunks_taken_from_freelist: 46.
num_chunk_merges: 0.
num_chunk_splits: 19.
num_chunks_enlarged: 14.
num_purges: 0.
num_inconsistent_stats: 0.

CodeHeap 'non-profiled nmethods': size=120032Kb used=131Kb max_used=131Kb free=119900Kb
 bounds [0x00007f628146b000, 0x00007f62816db000, 0x00007f62889a3000]
CodeHeap 'profiled nmethods': size=120028Kb used=620Kb max_used=620Kb free=119407Kb
 bounds [0x00007f6279f34000, 0x00007f627a1a4000, 0x00007f628146b000]
CodeHeap 'non-nmethods': size=5700Kb used=1176Kb max_used=1192Kb free=4523Kb
 bounds [0x00007f62799a3000, 0x00007f6279c13000, 0x00007f6279f34000]
 total_blobs=835 nmethods=426 adapters=324
 compilation: enabled
              stopped_count=0, restarted_count=0
 full_count=0

Compilation events (20 events):
Event: 2,000 Thread 0x00007f628c160c80 nmethod 419 0x00007f6279fcb590 code [0x00007f6279fcb8a0, 0x00007f6279fccb40]
Event: 2,000 Thread 0x00007f628c160c80  420       3       java.lang.StringConcatHelper::stringOf (20 bytes)
Event: 2,000 Thread 0x00007f628c160c80 nmethod 420 0x00007f6279fcd310 code [0x00007f6279fcd4c0, 0x00007f6279fcd700]
Event: 2,005 Thread 0x00007f628c160c80  421       3       java.util.ArrayList::grow (60 bytes)
Event: 2,007 Thread 0x00007f628c160c80 nmethod 421 0x00007f6279fcd810 code [0x00007f6279fcda20, 0x00007f6279fce090]
Event: 2,011 Thread 0x00007f628c15f7a0 nmethod 396 0x00007f628148a290 code [0x00007f628148a440, 0x00007f628148aef8]
Event: 2,011 Thread 0x00007f628c15f7a0  397       4       java.lang.String::<init> (15 bytes)
Event: 2,016 Thread 0x00007f628c15f7a0 nmethod 397 0x00007f628148b310 code [0x00007f628148b480, 0x00007f628148b5b8]
Event: 2,016 Thread 0x00007f628c15f7a0  422 %     4       java.lang.StringLatin1::indexOfChar @ 7 (33 bytes)
Event: 2,019 Thread 0x00007f628c160c80  423       3       org.eclipse.jdt.launching.internal.org.objectweb.asm.ClassReader::readUnsignedShort (26 bytes)
Event: 2,020 Thread 0x00007f628c160c80 nmethod 423 0x00007f6279fce310 code [0x00007f6279fce4c0, 0x00007f6279fce630]
Event: 2,022 Thread 0x00007f628c15f7a0 nmethod 422% 0x00007f628148b610 code [0x00007f628148b7a0, 0x00007f628148b9b8]
Event: 2,023 Thread 0x00007f628c160c80  424       3       java.lang.Character::toLowerCase (9 bytes)
Event: 2,023 Thread 0x00007f628c160c80 nmethod 424 0x00007f6279fce710 code [0x00007f6279fce8c0, 0x00007f6279fceab0]
Event: 2,023 Thread 0x00007f628c160c80  425       1       java.security.ProtectionDomain::getCodeSource (5 bytes)
Event: 2,023 Thread 0x00007f628c160c80 nmethod 425 0x00007f628148bb10 code [0x00007f628148bca0, 0x00007f628148bd70]
Event: 34,781 Thread 0x00007f628c160c80  426       3       org.eclipse.jdt.launching.internal.org.objectweb.asm.ClassReader::readUtf (161 bytes)
Event: 34,788 Thread 0x00007f628c160c80 

Event: 34,788 Thread 0x00007f628c160c80  427       3       org.eclipse.jdt.launching.internal.org.objectweb.asm.ClassReader::readUtf (44 bytes)
Event: 34,789 Thread 0x00007f628c160c80 nmethod 427 0x00007f6279fceb90 code [0x00007f6279fced60, 0x00007f6279fcf150]

GC Heap History (0 events):
No events

Deoptimization events (20 events):
Event: 1,952 Thread 0x00007f628c0264f0 DEOPT PACKING pc=0x00007f6279fb0b54 sp=0x00007f629147d440
Event: 1,952 Thread 0x00007f628c0264f0 DEOPT UNPACKING pc=0x00007f62799f5810 sp=0x00007f629147c8c8 mode 0
Event: 1,952 Thread 0x00007f628c0264f0 DEOPT PACKING pc=0x00007f6279fb0b54 sp=0x00007f629147d440
Event: 1,952 Thread 0x00007f628c0264f0 DEOPT UNPACKING pc=0x00007f62799f5810 sp=0x00007f629147c8c8 mode 0
Event: 1,952 Thread 0x00007f628c0264f0 DEOPT PACKING pc=0x00007f6279fb0b54 sp=0x00007f629147d440
Event: 1,952 Thread 0x00007f628c0264f0 DEOPT UNPACKING pc=0x00007f62799f5810 sp=0x00007f629147c8c8 mode 0
Event: 1,953 Thread 0x00007f628c0264f0 DEOPT PACKING pc=0x00007f6279fb0b54 sp=0x00007f629147d440
Event: 1,953 Thread 0x00007f628c0264f0 DEOPT UNPACKING pc=0x00007f62799f5810 sp=0x00007f629147c8c8 mode 0
Event: 1,958 Thread 0x00007f628c0264f0 DEOPT PACKING pc=0x00007f6279fb0b54 sp=0x00007f629147e6b0
Event: 1,958 Thread 0x00007f628c0264f0 DEOPT UNPACKING pc=0x00007f62799f5810 sp=0x00007f629147db38 mode 0
Event: 1,959 Thread 0x00007f628c0264f0 DEOPT PACKING pc=0x00007f6279fb0b54 sp=0x00007f629147e6b0
Event: 1,959 Thread 0x00007f628c0264f0 DEOPT UNPACKING pc=0x00007f62799f5810 sp=0x00007f629147db38 mode 0
Event: 1,975 Thread 0x00007f628c0264f0 DEOPT PACKING pc=0x00007f6279fb0b54 sp=0x00007f629147e5e0
Event: 1,975 Thread 0x00007f628c0264f0 DEOPT UNPACKING pc=0x00007f62799f5810 sp=0x00007f629147da68 mode 0
Event: 1,987 Thread 0x00007f628c0264f0 DEOPT PACKING pc=0x00007f6279fb0b54 sp=0x00007f629147e6a0
Event: 1,988 Thread 0x00007f628c0264f0 DEOPT UNPACKING pc=0x00007f62799f5810 sp=0x00007f629147db28 mode 0
Event: 1,988 Thread 0x00007f628c0264f0 DEOPT PACKING pc=0x00007f6279fb0b54 sp=0x00007f629147e5e0
Event: 1,988 Thread 0x00007f628c0264f0 DEOPT UNPACKING pc=0x00007f62799f5810 sp=0x00007f629147da68 mode 0
Event: 1,995 Thread 0x00007f628c0264f0 DEOPT PACKING pc=0x00007f6279fb0b54 sp=0x00007f629147d040
Event: 1,996 Thread 0x00007f628c0264f0 DEOPT UNPACKING pc=0x00007f62799f5810 sp=0x00007f629147c4c8 mode 0

Classes unloaded (0 events):
No events

Classes redefined (1 events):
Event: 34,783 Thread 0x00007f628c0e6120 redefined class name=sorting.variationsOfBubblesort.RecursiveBubbleSort, count=1

Internal exceptions (0 events):
No events

VM Operations (20 events):
Event: 85,278 Executing VM operation: get/set locals
Event: 85,278 Executing VM operation: get/set locals done
Event: 85,284 Executing VM operation: get/set locals
Event: 85,284 Executing VM operation: get/set locals done
Event: 85,285 Executing VM operation: get/set locals
Event: 85,285 Executing VM operation: get/set locals done
Event: 85,287 Executing VM operation: get/set locals
Event: 85,287 Executing VM operation: get/set locals done
Event: 85,288 Executing VM operation: get/set locals
Event: 85,288 Executing VM operation: get/set locals done
Event: 85,292 Executing VM operation: get/set locals
Event: 85,292 Executing VM operation: get/set locals done
Event: 85,294 Executing VM operation: get/set locals
Event: 85,294 Executing VM operation: get/set locals done
Event: 85,296 Executing VM operation: get/set locals
Event: 85,296 Executing VM operation: get/set locals done
Event: 85,297 Executing VM operation: get/set locals
Event: 85,297 Executing VM operation: get/set locals done
Event: 85,297 Executing VM operation: get/set locals
Event: 85,297 Executing VM operation: get/set locals done

Events (20 events):
Event: 1,916 loading class jdk/internal/reflect/ClassFileAssembler
Event: 1,917 loading class jdk/internal/reflect/ClassFileAssembler done
Event: 1,917 loading class jdk/internal/reflect/UTF8
Event: 1,917 loading class jdk/internal/reflect/UTF8 done
Event: 1,920 loading class jdk/internal/reflect/Label
Event: 1,920 loading class jdk/internal/reflect/Label done
Event: 1,920 loading class jdk/internal/reflect/Label$PatchInfo
Event: 1,920 loading class jdk/internal/reflect/Label$PatchInfo done
Event: 1,921 loading class jdk/internal/reflect/MethodAccessorGenerator$1
Event: 1,921 loading class jdk/internal/reflect/MethodAccessorGenerator$1 done
Event: 1,921 loading class jdk/internal/reflect/ClassDefiner
Event: 1,921 loading class jdk/internal/reflect/ClassDefiner done
Event: 1,921 loading class jdk/internal/reflect/ClassDefiner$1
Event: 1,921 loading class jdk/internal/reflect/ClassDefiner$1 done
Event: 1,922 loading class java/lang/Class$1
Event: 1,923 loading class java/lang/Class$1 done
Event: 1,923 loading class jdk/internal/reflect/BootstrapConstructorAccessorImpl
Event: 1,923 loading class jdk/internal/reflect/BootstrapConstructorAccessorImpl done
Event: 1,999 loading class java/lang/IllegalStateException
Event: 1,999 loading class java/lang/IllegalStateException done


Dynamic libraries:
c4600000-c8200000 rw-p 00000000 00:00 0 
c8200000-100000000 ---p 00000000 00:00 0 
100000000-100020000 rw-p 00000000 00:00 0 
100020000-100040000 rw-p 00000000 00:00 0 
100040000-1000d0000 rw-p 00000000 00:00 0 
1000d0000-100100000 ---p 00000000 00:00 0 
100100000-100110000 rw-p 00000000 00:00 0 
100110000-140000000 ---p 00000000 00:00 0 
559eaae24000-559eaae25000 r--p 00000000 07:0d 931                        /snap/eclipse/62/plugins/org.eclipse.justj.openjdk.hotspot.jre.full.linux.x86_64_17.0.4.v20220903-1038/jre/bin/java
559eaae25000-559eaae26000 r-xp 00001000 07:0d 931                        /snap/eclipse/62/plugins/org.eclipse.justj.openjdk.hotspot.jre.full.linux.x86_64_17.0.4.v20220903-1038/jre/bin/java
559eaae26000-559eaae27000 r--p 00002000 07:0d 931                        /snap/eclipse/62/plugins/org.eclipse.justj.openjdk.hotspot.jre.full.linux.x86_64_17.0.4.v20220903-1038/jre/bin/java
559eaae27000-559eaae28000 r--p 00002000 07:0d 931                        /snap/eclipse/62/plugins/org.eclipse.justj.openjdk.hotspot.jre.full.linux.x86_64_17.0.4.v20220903-1038/jre/bin/java
559eaae28000-559eaae29000 rw-p 00003000 07:0d 931                        /snap/eclipse/62/plugins/org.eclipse.justj.openjdk.hotspot.jre.full.linux.x86_64_17.0.4.v20220903-1038/jre/bin/java
559eab088000-559eab0a9000 rw-p 00000000 00:00 0                          [heap]
7f6220000000-7f6220021000 rw-p 00000000 00:00 0 
7f6220021000-7f6224000000 ---p 00000000 00:00 0 
7f6224000000-7f6224021000 rw-p 00000000 00:00 0 
7f6224021000-7f6228000000 ---p 00000000 00:00 0 
7f6228000000-7f6228021000 rw-p 00000000 00:00 0 
7f6228021000-7f622c000000 ---p 00000000 00:00 0 
7f622c000000-7f622c021000 rw-p 00000000 00:00 0 
7f622c021000-7f6230000000 ---p 00000000 00:00 0 
7f6230000000-7f6230021000 rw-p 00000000 00:00 0 
7f6230021000-7f6234000000 ---p 00000000 00:00 0 
7f6236e12000-7f62371fd000 rw-p 00000000 00:00 0 
7f62371fd000-7f62371fe000 ---p 00000000 00:00 0 
7f62371fe000-7f62372ff000 rw-p 00000000 00:00 0 
7f62372ff000-7f6237303000 ---p 00000000 00:00 0 
7f6237303000-7f6237440000 rw-p 00000000 00:00 0 
7f6237440000-7f6237500000 ---p 00000000 00:00 0 
7f6237500000-7f6237530000 rw-p 00000000 00:00 0 
7f6237530000-7f6237c00000 ---p 00000000 00:00 0 
7f6237cfd000-7f6237d01000 ---p 00000000 00:00 0 
7f6237d01000-7f6237dfe000 rw-p 00000000 00:00 0 
7f6237dfe000-7f6237e02000 ---p 00000000 00:00 0 
7f6237e02000-7f6237eff000 rw-p 00000000 00:00 0 
7f6237eff000-7f6237f03000 ---p 00000000 00:00 0 
7f6237f03000-7f6238000000 rw-p 00000000 00:00 0 
7f6238000000-7f6238021000 rw-p 00000000 00:00 0 
7f6238021000-7f623c000000 ---p 00000000 00:00 0 
7f623c000000-7f623c021000 rw-p 00000000 00:00 0 
7f623c021000-7f6240000000 ---p 00000000 00:00 0 
7f6240000000-7f62402f7000 rw-p 00000000 00:00 0 
7f62402f7000-7f6244000000 ---p 00000000 00:00 0 
7f6244000000-7f62441e5000 rw-p 00000000 00:00 0 
7f62441e5000-7f6248000000 ---p 00000000 00:00 0 
7f6248000000-7f6248021000 rw-p 00000000 00:00 0 
7f6248021000-7f624c000000 ---p 00000000 00:00 0 
7f624c000000-7f624c021000 rw-p 00000000 00:00 0 
7f624c021000-7f6250000000 ---p 00000000 00:00 0 
7f6250000000-7f6250021000 rw-p 00000000 00:00 0 
7f6250021000-7f6254000000 ---p 00000000 00:00 0 
7f6254000000-7f6254021000 rw-p 00000000 00:00 0 
7f6254021000-7f6258000000 ---p 00000000 00:00 0 
7f6258000000-7f6258021000 rw-p 00000000 00:00 0 
7f6258021000-7f625c000000 ---p 00000000 00:00 0 
7f625c000000-7f625c021000 rw-p 00000000 00:00 0 
7f625c021000-7f6260000000 ---p 00000000 00:00 0 
7f6260000000-7f6260021000 rw-p 00000000 00:00 0 
7f6260021000-7f6264000000 ---p 00000000 00:00 0 
7f6264000000-7f6264021000 rw-p 00000000 00:00 0 
7f6264021000-7f6268000000 ---p 00000000 00:00 0 
7f6268000000-7f6268021000 rw-p 00000000 00:00 0 
7f6268021000-7f626c000000 ---p 00000000 00:00 0 
7f626c000000-7f626c021000 rw-p 00000000 00:00 0 
7f626c021000-7f6270000000 ---p 00000000 00:00 0 
7f6270000000-7f6270021000 rw-p 00000000 00:00 0 
7f6270021000-7f6274000000 ---p 00000000 00:00 0 
7f6274083000-7f6274087000 ---p 00000000 00:00 0 
7f6274087000-7f6274184000 rw-p 00000000 00:00 0 
7f6274184000-7f6274188000 ---p 00000000 00:00 0 
7f6274188000-7f6274285000 rw-p 00000000 00:00 0 
7f6274285000-7f6274289000 ---p 00000000 00:00 0 
7f6274289000-7f6274386000 rw-p 00000000 00:00 0 
7f6274386000-7f627438a000 ---p 00000000 00:00 0 
7f627438a000-7f6274487000 rw-p 00000000 00:00 0 
7f6274487000-7f627448b000 ---p 00000000 00:00 0 
7f627448b000-7f6274588000 rw-p 00000000 00:00 0 
7f6274588000-7f627458c000 ---p 00000000 00:00 0 
7f627458c000-7f6274689000 rw-p 00000000 00:00 0 
7f6274689000-7f627468d000 ---p 00000000 00:00 0 
7f627468d000-7f627478a000 rw-p 00000000 00:00 0 
7f627478a000-7f6274cfc000 r--p 00000000 08:06 2361520                    /usr/lib/locale/locale-archive
7f6274cfc000-7f6274d00000 ---p 00000000 00:00 0 
7f6274d00000-7f6274dfd000 rw-p 00000000 00:00 0 
7f6274dfd000-7f6274e01000 ---p 00000000 00:00 0 
7f6274e01000-7f6274efe000 rw-p 00000000 00:00 0 
7f6274efe000-7f6274eff000 ---p 00000000 00:00 0 
7f6274eff000-7f6275500000 rw-p 00000000 00:00 0 
7f6275500000-7f6275520000 rw-p 00000000 00:00 0 
7f6275520000-7f6275540000 rw-p 00000000 00:00 0 
7f6275540000-7f6275580000 rw-p 00000000 00:00 0 
7f6275580000-7f6275800000 rw-p 00000000 00:00 0 
7f627588a000-7f627588e000 r--p 00000000 07:0d 1335                       /snap/eclipse/62/plugins/org.eclipse.justj.openjdk.hotspot.jre.full.linux.x86_64_17.0.4.v20220903-1038/jre/lib/libverify.so
7f627588e000-7f6275895000 r-xp 00004000 07:0d 1335                       /snap/eclipse/62/plugins/org.eclipse.justj.openjdk.hotspot.jre.full.linux.x86_64_17.0.4.v20220903-1038/jre/lib/libverify.so
7f6275895000-7f6275897000 r--p 0000b000 07:0d 1335                       /snap/eclipse/62/plugins/org.eclipse.justj.openjdk.hotspot.jre.full.linux.x86_64_17.0.4.v20220903-1038/jre/lib/libverify.so
7f6275897000-7f6275899000 r--p 0000c000 07:0d 1335                       /snap/eclipse/62/plugins/org.eclipse.justj.openjdk.hotspot.jre.full.linux.x86_64_17.0.4.v20220903-1038/jre/lib/libverify.so
7f6275899000-7f627589a000 rw-p 0000e000 07:0d 1335                       /snap/eclipse/62/plugins/org.eclipse.justj.openjdk.hotspot.jre.full.linux.x86_64_17.0.4.v20220903-1038/jre/lib/libverify.so
7f627589a000-7f627589e000 r--p 00000000 07:0d 1328                       /snap/eclipse/62/plugins/org.eclipse.justj.openjdk.hotspot.jre.full.linux.x86_64_17.0.4.v20220903-1038/jre/lib/libnet.so
7f627589e000-7f62758ac000 r-xp 00004000 07:0d 1328                       /snap/eclipse/62/plugins/org.eclipse.justj.openjdk.hotspot.jre.full.linux.x86_64_17.0.4.v20220903-1038/jre/lib/libnet.so
7f62758ac000-7f62758b0000 r--p 00012000 07:0d 1328                       /snap/eclipse/62/plugins/org.eclipse.justj.openjdk.hotspot.jre.full.linux.x86_64_17.0.4.v20220903-1038/jre/lib/libnet.so
7f62758b0000-7f62758b1000 r--p 00015000 07:0d 1328                       /snap/eclipse/62/plugins/org.eclipse.justj.openjdk.hotspot.jre.full.linux.x86_64_17.0.4.v20220903-1038/jre/lib/libnet.so
7f62758b1000-7f62758b2000 rw-p 00016000 07:0d 1328                       /snap/eclipse/62/plugins/org.eclipse.justj.openjdk.hotspot.jre.full.linux.x86_64_17.0.4.v20220903-1038/jre/lib/libnet.so
7f62758b2000-7f62759cf000 rw-p 00000000 00:00 0 
7f62759cf000-7f62759d0000 ---p 00000000 00:00 0 
7f62759d0000-7f6275ad1000 rw-p 00000000 00:00 0 
7f6275ad1000-7f6275ad2000 ---p 00000000 00:00 0 
7f6275ad2000-7f6277cc3000 rw-p 00000000 00:00 0 
7f6277cc3000-7f6278abb000 ---p 00000000 00:00 0 
7f6278abb000-7f6278bab000 rw-p 00000000 00:00 0 
7f6278bab000-7f62799a3000 ---p 00000000 00:00 0 
7f62799a3000-7f6279c13000 rwxp 00000000 00:00 0 
7f6279c13000-7f6279f34000 ---p 00000000 00:00 0 
7f6279f34000-7f627a1a4000 rwxp 00000000 00:00 0 
7f627a1a4000-7f628146b000 ---p 00000000 00:00 0 
7f628146b000-7f62816db000 rwxp 00000000 00:00 0 
7f62816db000-7f62889a3000 ---p 00000000 00:00 0 
7f62889a3000-7f628c000000 r--s 00000000 07:0d 1337                       /snap/eclipse/62/plugins/org.eclipse.justj.openjdk.hotspot.jre.full.linux.x86_64_17.0.4.v20220903-1038/jre/lib/modules
7f628c000000-7f628c48b000 rw-p 00000000 00:00 0 
7f628c48b000-7f6290000000 ---p 00000000 00:00 0 
7f6290004000-7f629000b000 r--p 00000000 07:0d 1329                       /snap/eclipse/62/plugins/org.eclipse.justj.openjdk.hotspot.jre.full.linux.x86_64_17.0.4.v20220903-1038/jre/lib/libnio.so
7f629000b000-7f6290014000 r-xp 00007000 07:0d 1329                       /snap/eclipse/62/plugins/org.eclipse.justj.openjdk.hotspot.jre.full.linux.x86_64_17.0.4.v20220903-1038/jre/lib/libnio.so
7f6290014000-7f6290018000 r--p 00010000 07:0d 1329                       /snap/eclipse/62/plugins/org.eclipse.justj.openjdk.hotspot.jre.full.linux.x86_64_17.0.4.v20220903-1038/jre/lib/libnio.so
7f6290018000-7f6290019000 ---p 00014000 07:0d 1329                       /snap/eclipse/62/plugins/org.eclipse.justj.openjdk.hotspot.jre.full.linux.x86_64_17.0.4.v20220903-1038/jre/lib/libnio.so
7f6290019000-7f629001a000 r--p 00014000 07:0d 1329                       /snap/eclipse/62/plugins/org.eclipse.justj.openjdk.hotspot.jre.full.linux.x86_64_17.0.4.v20220903-1038/jre/lib/libnio.so
7f629001a000-7f629001b000 rw-p 00015000 07:0d 1329                       /snap/eclipse/62/plugins/org.eclipse.justj.openjdk.hotspot.jre.full.linux.x86_64_17.0.4.v20220903-1038/jre/lib/libnio.so
7f629001b000-7f629001d000 r--p 00000000 07:0d 1307                       /snap/eclipse/62/plugins/org.eclipse.justj.openjdk.hotspot.jre.full.linux.x86_64_17.0.4.v20220903-1038/jre/lib/libdt_socket.so
7f629001d000-7f6290020000 r-xp 00002000 07:0d 1307                       /snap/eclipse/62/plugins/org.eclipse.justj.openjdk.hotspot.jre.full.linux.x86_64_17.0.4.v20220903-1038/jre/lib/libdt_socket.so
7f6290020000-7f6290021000 r--p 00005000 07:0d 1307                       /snap/eclipse/62/plugins/org.eclipse.justj.openjdk.hotspot.jre.full.linux.x86_64_17.0.4.v20220903-1038/jre/lib/libdt_socket.so
7f6290021000-7f6290022000 ---p 00006000 07:0d 1307                       /snap/eclipse/62/plugins/org.eclipse.justj.openjdk.hotspot.jre.full.linux.x86_64_17.0.4.v20220903-1038/jre/lib/libdt_socket.so
7f6290022000-7f6290023000 r--p 00006000 07:0d 1307                       /snap/eclipse/62/plugins/org.eclipse.justj.openjdk.hotspot.jre.full.linux.x86_64_17.0.4.v20220903-1038/jre/lib/libdt_socket.so
7f6290023000-7f6290024000 rw-p 00007000 07:0d 1307                       /snap/eclipse/62/plugins/org.eclipse.justj.openjdk.hotspot.jre.full.linux.x86_64_17.0.4.v20220903-1038/jre/lib/libdt_socket.so
7f6290024000-7f629002b000 r--s 00000000 08:06 3022051                    /usr/lib/x86_64-linux-gnu/gconv/gconv-modules.cache
7f629002b000-7f629042f000 rw-p 00000000 00:00 0 
7f629042f000-7f6290430000 ---p 00000000 00:00 0 
7f6290430000-7f6290531000 rw-p 00000000 00:00 0 
7f6290531000-7f6290532000 ---p 00000000 00:00 0 
7f6290532000-7f6290633000 rw-p 00000000 00:00 0 
7f6290633000-7f6290634000 ---p 00000000 00:00 0 
7f6290634000-7f6290773000 rw-p 00000000 00:00 0 
7f6290773000-7f6290932000 ---p 00000000 00:00 0 
7f6290932000-7f6290950000 rw-p 00000000 00:00 0 
7f6290950000-7f6290b0f000 ---p 00000000 00:00 0 
7f6290b0f000-7f6290b2d000 rw-p 00000000 00:00 0 
7f6290b2d000-7f6290cec000 ---p 00000000 00:00 0 
7f6290cec000-7f62910f5000 rw-p 00000000 00:00 0 
7f62910f5000-7f62911db000 ---p 00000000 00:00 0 
7f62911db000-7f62911e0000 rw-p 00000000 00:00 0 
7f62911e0000-7f62912c6000 ---p 00000000 00:00 0 
7f62912c6000-7f62912cb000 rw-p 00000000 00:00 0 
7f62912cb000-7f62912d2000 ---p 00000000 00:00 0 
7f62912d2000-7f62912d5000 r--p 00000000 08:06 2361503                    /usr/lib/x86_64-linux-gnu/libnss_files-2.31.so
7f62912d5000-7f62912dc000 r-xp 00003000 08:06 2361503                    /usr/lib/x86_64-linux-gnu/libnss_files-2.31.so
7f62912dc000-7f62912de000 r--p 0000a000 08:06 2361503                    /usr/lib/x86_64-linux-gnu/libnss_files-2.31.so
7f62912de000-7f62912df000 r--p 0000b000 08:06 2361503                    /usr/lib/x86_64-linux-gnu/libnss_files-2.31.so
7f62912df000-7f62912e0000 rw-p 0000c000 08:06 2361503                    /usr/lib/x86_64-linux-gnu/libnss_files-2.31.so
7f62912e0000-7f62912e6000 rw-p 00000000 00:00 0 
7f62912e6000-7f62912e8000 r--p 00000000 07:0d 1336                       /snap/eclipse/62/plugins/org.eclipse.justj.openjdk.hotspot.jre.full.linux.x86_64_17.0.4.v20220903-1038/jre/lib/libzip.so
7f62912e8000-7f62912ec000 r-xp 00002000 07:0d 1336                       /snap/eclipse/62/plugins/org.eclipse.justj.openjdk.hotspot.jre.full.linux.x86_64_17.0.4.v20220903-1038/jre/lib/libzip.so
7f62912ec000-7f62912ee000 r--p 00006000 07:0d 1336                       /snap/eclipse/62/plugins/org.eclipse.justj.openjdk.hotspot.jre.full.linux.x86_64_17.0.4.v20220903-1038/jre/lib/libzip.so
7f62912ee000-7f62912ef000 r--p 00007000 07:0d 1336                       /snap/eclipse/62/plugins/org.eclipse.justj.openjdk.hotspot.jre.full.linux.x86_64_17.0.4.v20220903-1038/jre/lib/libzip.so
7f62912ef000-7f62912f0000 rw-p 00008000 07:0d 1336                       /snap/eclipse/62/plugins/org.eclipse.justj.openjdk.hotspot.jre.full.linux.x86_64_17.0.4.v20220903-1038/jre/lib/libzip.so
7f62912f0000-7f62912f8000 rw-s 00000000 08:06 2889536                    /tmp/hsperfdata_thayane/20219
7f62912f8000-7f6291305000 r--p 00000000 07:0d 1315                       /snap/eclipse/62/plugins/org.eclipse.justj.openjdk.hotspot.jre.full.linux.x86_64_17.0.4.v20220903-1038/jre/lib/libjava.so
7f6291305000-7f6291317000 r-xp 0000d000 07:0d 1315                       /snap/eclipse/62/plugins/org.eclipse.justj.openjdk.hotspot.jre.full.linux.x86_64_17.0.4.v20220903-1038/jre/lib/libjava.so
7f6291317000-7f629131d000 r--p 0001f000 07:0d 1315                       /snap/eclipse/62/plugins/org.eclipse.justj.openjdk.hotspot.jre.full.linux.x86_64_17.0.4.v20220903-1038/jre/lib/libjava.so
7f629131d000-7f629131e000 ---p 00025000 07:0d 1315                       /snap/eclipse/62/plugins/org.eclipse.justj.openjdk.hotspot.jre.full.linux.x86_64_17.0.4.v20220903-1038/jre/lib/libjava.so
7f629131e000-7f629131f000 r--p 00025000 07:0d 1315                       /snap/eclipse/62/plugins/org.eclipse.justj.openjdk.hotspot.jre.full.linux.x86_64_17.0.4.v20220903-1038/jre/lib/libjava.so
7f629131f000-7f6291320000 rw-p 00026000 07:0d 1315                       /snap/eclipse/62/plugins/org.eclipse.justj.openjdk.hotspot.jre.full.linux.x86_64_17.0.4.v20220903-1038/jre/lib/libjava.so
7f6291320000-7f6291321000 rw-p 00000000 00:00 0 
7f6291321000-7f6291324000 r--p 00000000 07:0d 1318                       /snap/eclipse/62/plugins/org.eclipse.justj.openjdk.hotspot.jre.full.linux.x86_64_17.0.4.v20220903-1038/jre/lib/libjdwp.so
7f6291324000-7f6291351000 r-xp 00003000 07:0d 1318                       /snap/eclipse/62/plugins/org.eclipse.justj.openjdk.hotspot.jre.full.linux.x86_64_17.0.4.v20220903-1038/jre/lib/libjdwp.so
7f6291351000-7f629135f000 r--p 00030000 07:0d 1318                       /snap/eclipse/62/plugins/org.eclipse.justj.openjdk.hotspot.jre.full.linux.x86_64_17.0.4.v20220903-1038/jre/lib/libjdwp.so
7f629135f000-7f6291360000 r--p 0003d000 07:0d 1318                       /snap/eclipse/62/plugins/org.eclipse.justj.openjdk.hotspot.jre.full.linux.x86_64_17.0.4.v20220903-1038/jre/lib/libjdwp.so
7f6291360000-7f6291361000 rw-p 0003e000 07:0d 1318                       /snap/eclipse/62/plugins/org.eclipse.justj.openjdk.hotspot.jre.full.linux.x86_64_17.0.4.v20220903-1038/jre/lib/libjdwp.so
7f6291361000-7f6291362000 rw-p 00000000 00:00 0 
7f6291362000-7f6291366000 r--p 00000000 07:0d 1319                       /snap/eclipse/62/plugins/org.eclipse.justj.openjdk.hotspot.jre.full.linux.x86_64_17.0.4.v20220903-1038/jre/lib/libjimage.so
7f6291366000-7f6291379000 r-xp 00004000 07:0d 1319                       /snap/eclipse/62/plugins/org.eclipse.justj.openjdk.hotspot.jre.full.linux.x86_64_17.0.4.v20220903-1038/jre/lib/libjimage.so
7f6291379000-7f629137f000 r--p 00017000 07:0d 1319                       /snap/eclipse/62/plugins/org.eclipse.justj.openjdk.hotspot.jre.full.linux.x86_64_17.0.4.v20220903-1038/jre/lib/libjimage.so
7f629137f000-7f6291381000 r--p 0001c000 07:0d 1319                       /snap/eclipse/62/plugins/org.eclipse.justj.openjdk.hotspot.jre.full.linux.x86_64_17.0.4.v20220903-1038/jre/lib/libjimage.so
7f6291381000-7f6291382000 rw-p 0001e000 07:0d 1319                       /snap/eclipse/62/plugins/org.eclipse.justj.openjdk.hotspot.jre.full.linux.x86_64_17.0.4.v20220903-1038/jre/lib/libjimage.so
7f6291382000-7f6291386000 ---p 00000000 00:00 0 
7f6291386000-7f6291483000 rw-p 00000000 00:00 0 
7f6291483000-7f6291490000 r--p 00000000 08:06 2361497                    /usr/lib/x86_64-linux-gnu/libm-2.31.so
7f6291490000-7f6291537000 r-xp 0000d000 08:06 2361497                    /usr/lib/x86_64-linux-gnu/libm-2.31.so
7f6291537000-7f62915d0000 r--p 000b4000 08:06 2361497                    /usr/lib/x86_64-linux-gnu/libm-2.31.so
7f62915d0000-7f62915d1000 r--p 0014c000 08:06 2361497                    /usr/lib/x86_64-linux-gnu/libm-2.31.so
7f62915d1000-7f62915d2000 rw-p 0014d000 08:06 2361497                    /usr/lib/x86_64-linux-gnu/libm-2.31.so
7f62915d2000-7f62915d4000 r--p 00000000 08:06 2361510                    /usr/lib/x86_64-linux-gnu/librt-2.31.so
7f62915d4000-7f62915d8000 r-xp 00002000 08:06 2361510                    /usr/lib/x86_64-linux-gnu/librt-2.31.so
7f62915d8000-7f62915da000 r--p 00006000 08:06 2361510                    /usr/lib/x86_64-linux-gnu/librt-2.31.so
7f62915da000-7f62915db000 r--p 00007000 08:06 2361510                    /usr/lib/x86_64-linux-gnu/librt-2.31.so
7f62915db000-7f62915dc000 rw-p 00008000 08:06 2361510                    /usr/lib/x86_64-linux-gnu/librt-2.31.so
7f62915dc000-7f629182d000 r--p 00000000 07:0d 1347                       /snap/eclipse/62/plugins/org.eclipse.justj.openjdk.hotspot.jre.full.linux.x86_64_17.0.4.v20220903-1038/jre/lib/server/libjvm.so
7f629182d000-7f6292546000 r-xp 00251000 07:0d 1347                       /snap/eclipse/62/plugins/org.eclipse.justj.openjdk.hotspot.jre.full.linux.x86_64_17.0.4.v20220903-1038/jre/lib/server/libjvm.so
7f6292546000-7f62927d1000 r--p 00f6a000 07:0d 1347                       /snap/eclipse/62/plugins/org.eclipse.justj.openjdk.hotspot.jre.full.linux.x86_64_17.0.4.v20220903-1038/jre/lib/server/libjvm.so
7f62927d1000-7f629288a000 r--p 011f4000 07:0d 1347                       /snap/eclipse/62/plugins/org.eclipse.justj.openjdk.hotspot.jre.full.linux.x86_64_17.0.4.v20220903-1038/jre/lib/server/libjvm.so
7f629288a000-7f62928bf000 rw-p 012ad000 07:0d 1347                       /snap/eclipse/62/plugins/org.eclipse.justj.openjdk.hotspot.jre.full.linux.x86_64_17.0.4.v20220903-1038/jre/lib/server/libjvm.so
7f62928bf000-7f629291a000 rw-p 00000000 00:00 0 
7f629291a000-7f629293c000 r--p 00000000 08:06 2361495                    /usr/lib/x86_64-linux-gnu/libc-2.31.so
7f629293c000-7f6292ab4000 r-xp 00022000 08:06 2361495                    /usr/lib/x86_64-linux-gnu/libc-2.31.so
7f6292ab4000-7f6292b02000 r--p 0019a000 08:06 2361495                    /usr/lib/x86_64-linux-gnu/libc-2.31.so
7f6292b02000-7f6292b06000 r--p 001e7000 08:06 2361495                    /usr/lib/x86_64-linux-gnu/libc-2.31.so
7f6292b06000-7f6292b08000 rw-p 001eb000 08:06 2361495                    /usr/lib/x86_64-linux-gnu/libc-2.31.so
7f6292b08000-7f6292b0c000 rw-p 00000000 00:00 0 
7f6292b0c000-7f6292b0d000 r--p 00000000 08:06 2361496                    /usr/lib/x86_64-linux-gnu/libdl-2.31.so
7f6292b0d000-7f6292b0f000 r-xp 00001000 08:06 2361496                    /usr/lib/x86_64-linux-gnu/libdl-2.31.so
7f6292b0f000-7f6292b10000 r--p 00003000 08:06 2361496                    /usr/lib/x86_64-linux-gnu/libdl-2.31.so
7f6292b10000-7f6292b11000 r--p 00003000 08:06 2361496                    /usr/lib/x86_64-linux-gnu/libdl-2.31.so
7f6292b11000-7f6292b12000 rw-p 00004000 08:06 2361496                    /usr/lib/x86_64-linux-gnu/libdl-2.31.so
7f6292b12000-7f6292b18000 r--p 00000000 08:06 2361508                    /usr/lib/x86_64-linux-gnu/libpthread-2.31.so
7f6292b18000-7f6292b29000 r-xp 00006000 08:06 2361508                    /usr/lib/x86_64-linux-gnu/libpthread-2.31.so
7f6292b29000-7f6292b2f000 r--p 00017000 08:06 2361508                    /usr/lib/x86_64-linux-gnu/libpthread-2.31.so
7f6292b2f000-7f6292b30000 r--p 0001c000 08:06 2361508                    /usr/lib/x86_64-linux-gnu/libpthread-2.31.so
7f6292b30000-7f6292b31000 rw-p 0001d000 08:06 2361508                    /usr/lib/x86_64-linux-gnu/libpthread-2.31.so
7f6292b31000-7f6292b35000 rw-p 00000000 00:00 0 
7f6292b35000-7f6292b38000 r--p 00000000 07:0d 1320                       /snap/eclipse/62/plugins/org.eclipse.justj.openjdk.hotspot.jre.full.linux.x86_64_17.0.4.v20220903-1038/jre/lib/libjli.so
7f6292b38000-7f6292b42000 r-xp 00003000 07:0d 1320                       /snap/eclipse/62/plugins/org.eclipse.justj.openjdk.hotspot.jre.full.linux.x86_64_17.0.4.v20220903-1038/jre/lib/libjli.so
7f6292b42000-7f6292b45000 r--p 0000d000 07:0d 1320                       /snap/eclipse/62/plugins/org.eclipse.justj.openjdk.hotspot.jre.full.linux.x86_64_17.0.4.v20220903-1038/jre/lib/libjli.so
7f6292b45000-7f6292b46000 ---p 00010000 07:0d 1320                       /snap/eclipse/62/plugins/org.eclipse.justj.openjdk.hotspot.jre.full.linux.x86_64_17.0.4.v20220903-1038/jre/lib/libjli.so
7f6292b46000-7f6292b47000 r--p 00010000 07:0d 1320                       /snap/eclipse/62/plugins/org.eclipse.justj.openjdk.hotspot.jre.full.linux.x86_64_17.0.4.v20220903-1038/jre/lib/libjli.so
7f6292b47000-7f6292b48000 rw-p 00011000 07:0d 1320                       /snap/eclipse/62/plugins/org.eclipse.justj.openjdk.hotspot.jre.full.linux.x86_64_17.0.4.v20220903-1038/jre/lib/libjli.so
7f6292b48000-7f6292b4a000 r--p 00000000 08:06 2360735                    /usr/lib/x86_64-linux-gnu/libz.so.1.2.11
7f6292b4a000-7f6292b5b000 r-xp 00002000 08:06 2360735                    /usr/lib/x86_64-linux-gnu/libz.so.1.2.11
7f6292b5b000-7f6292b61000 r--p 00013000 08:06 2360735                    /usr/lib/x86_64-linux-gnu/libz.so.1.2.11
7f6292b61000-7f6292b62000 ---p 00019000 08:06 2360735                    /usr/lib/x86_64-linux-gnu/libz.so.1.2.11
7f6292b62000-7f6292b63000 r--p 00019000 08:06 2360735                    /usr/lib/x86_64-linux-gnu/libz.so.1.2.11
7f6292b63000-7f6292b64000 rw-p 0001a000 08:06 2360735                    /usr/lib/x86_64-linux-gnu/libz.so.1.2.11
7f6292b67000-7f6292b69000 r--p 00000000 07:0d 1310                       /snap/eclipse/62/plugins/org.eclipse.justj.openjdk.hotspot.jre.full.linux.x86_64_17.0.4.v20220903-1038/jre/lib/libinstrument.so
7f6292b69000-7f6292b6f000 r-xp 00002000 07:0d 1310                       /snap/eclipse/62/plugins/org.eclipse.justj.openjdk.hotspot.jre.full.linux.x86_64_17.0.4.v20220903-1038/jre/lib/libinstrument.so
7f6292b6f000-7f6292b72000 r--p 00008000 07:0d 1310                       /snap/eclipse/62/plugins/org.eclipse.justj.openjdk.hotspot.jre.full.linux.x86_64_17.0.4.v20220903-1038/jre/lib/libinstrument.so
7f6292b72000-7f6292b73000 r--p 0000a000 07:0d 1310                       /snap/eclipse/62/plugins/org.eclipse.justj.openjdk.hotspot.jre.full.linux.x86_64_17.0.4.v20220903-1038/jre/lib/libinstrument.so
7f6292b73000-7f6292b74000 rw-p 0000b000 07:0d 1310                       /snap/eclipse/62/plugins/org.eclipse.justj.openjdk.hotspot.jre.full.linux.x86_64_17.0.4.v20220903-1038/jre/lib/libinstrument.so
7f6292b74000-7f6292b75000 ---p 00000000 00:00 0 
7f6292b75000-7f6292b76000 r--p 00000000 00:00 0 
7f6292b76000-7f6292b78000 rw-p 00000000 00:00 0 
7f6292b78000-7f6292b79000 r--p 00000000 08:06 2361488                    /usr/lib/x86_64-linux-gnu/ld-2.31.so
7f6292b79000-7f6292b9c000 r-xp 00001000 08:06 2361488                    /usr/lib/x86_64-linux-gnu/ld-2.31.so
7f6292b9c000-7f6292ba4000 r--p 00024000 08:06 2361488                    /usr/lib/x86_64-linux-gnu/ld-2.31.so
7f6292ba4000-7f6292ba5000 ---p 00000000 00:00 0 
7f6292ba5000-7f6292ba6000 r--p 0002c000 08:06 2361488                    /usr/lib/x86_64-linux-gnu/ld-2.31.so
7f6292ba6000-7f6292ba7000 rw-p 0002d000 08:06 2361488                    /usr/lib/x86_64-linux-gnu/ld-2.31.so
7f6292ba7000-7f6292ba8000 rw-p 00000000 00:00 0 
7fffe8b29000-7fffe8b4a000 rw-p 00000000 00:00 0                          [stack]
7fffe8be1000-7fffe8be5000 r--p 00000000 00:00 0                          [vvar]
7fffe8be5000-7fffe8be7000 r-xp 00000000 00:00 0                          [vdso]
ffffffffff600000-ffffffffff601000 --xp 00000000 00:00 0                  [vsyscall]


VM Arguments:
jvm_args: -XX:+ShowCodeDetailsInExceptionMessages -agentlib:jdwp=transport=dt_socket,suspend=y,address=localhost:36981 -javaagent:/home/thayane/snap/eclipse/62/amd64/configuration/org.eclipse.osgi/534/0/.cp/lib/javaagent-shaded.jar -Dfile.encoding=UTF-8 
java_command: sorting.variationsOfBubblesort.tes
java_class_path (initial): /home/thayane/LEDA ROTEIROS/ROTEIROS_ESPECIAIS/RE1-01-RE-RecursiveBubblesort-environment/target/classes:/home/thayane/.m2/repository/junit/junit/4.13.1/junit-4.13.1.jar:/home/thayane/.m2/repository/org/hamcrest/hamcrest-core/1.3/hamcrest-core-1.3.jar
Launcher Type: SUN_STANDARD

[Global flags]
     intx CICompilerCount                          = 3                                         {product} {ergonomic}
     uint ConcGCThreads                            = 1                                         {product} {ergonomic}
     uint G1ConcRefinementThreads                  = 4                                         {product} {ergonomic}
   size_t G1HeapRegionSize                         = 1048576                                   {product} {ergonomic}
    uintx GCDrainStackTargetSize                   = 64                                        {product} {ergonomic}
   size_t InitialHeapSize                          = 62914560                                  {product} {ergonomic}
   size_t MarkStackSize                            = 4194304                                   {product} {ergonomic}
   size_t MaxHeapSize                              = 1000341504                                {product} {ergonomic}
   size_t MaxNewSize                               = 599785472                                 {product} {ergonomic}
   size_t MinHeapDeltaBytes                        = 1048576                                   {product} {ergonomic}
   size_t MinHeapSize                              = 8388608                                   {product} {ergonomic}
    uintx NonNMethodCodeHeapSize                   = 5832780                                {pd product} {ergonomic}
    uintx NonProfiledCodeHeapSize                  = 122912730                              {pd product} {ergonomic}
    uintx ProfiledCodeHeapSize                     = 122912730                              {pd product} {ergonomic}
    uintx ReservedCodeCacheSize                    = 251658240                              {pd product} {ergonomic}
     bool SegmentedCodeCache                       = true                                      {product} {ergonomic}
     bool ShowCodeDetailsInExceptionMessages       = true                                   {manageable} {command line}
   size_t SoftMaxHeapSize                          = 1000341504                             {manageable} {ergonomic}
     bool UseCompressedClassPointers               = true                           {product lp64_product} {ergonomic}
     bool UseCompressedOops                        = true                           {product lp64_product} {ergonomic}
     bool UseG1GC                                  = true                                      {product} {ergonomic}

Logging:
Log output configuration:
 #0: stdout all=warning uptime,level,tags
 #1: stderr all=off uptime,level,tags

Environment Variables:
PATH=/home/thayane/.local/bin:/usr/local/sbin:/usr/local/bin:/usr/sbin:/usr/bin:/sbin:/bin:/usr/games:/usr/local/games:/snap/bin
USERNAME=thayane
SHELL=/bin/bash
DISPLAY=:0
LANG=pt_BR.UTF-8

Signal Handlers:
   SIGSEGV: crash_handler in libjvm.so, mask=11100100010111111101111111111110, flags=SA_RESTART|SA_SIGINFO
    SIGBUS: crash_handler in libjvm.so, mask=11100100010111111101111111111110, flags=SA_RESTART|SA_SIGINFO
    SIGFPE: crash_handler in libjvm.so, mask=11100100010111111101111111111110, flags=SA_RESTART|SA_SIGINFO
   SIGPIPE: javaSignalHandler in libjvm.so, mask=11100100010111111101111111111110, flags=SA_RESTART|SA_SIGINFO
   SIGXFSZ: javaSignalHandler in libjvm.so, mask=11100100010111111101111111111110, flags=SA_RESTART|SA_SIGINFO
    SIGILL: crash_handler in libjvm.so, mask=11100100010111111101111111111110, flags=SA_RESTART|SA_SIGINFO
   SIGUSR2: SR_handler in libjvm.so, mask=00100000000000000000000000000000, flags=SA_RESTART|SA_SIGINFO
    SIGHUP: UserHandler in libjvm.so, mask=11100100010111111101111111111110, flags=SA_RESTART|SA_SIGINFO
    SIGINT: UserHandler in libjvm.so, mask=11100100010111111101111111111110, flags=SA_RESTART|SA_SIGINFO
   SIGTERM: UserHandler in libjvm.so, mask=11100100010111111101111111111110, flags=SA_RESTART|SA_SIGINFO
   SIGQUIT: UserHandler in libjvm.so, mask=11100100010111111101111111111110, flags=SA_RESTART|SA_SIGINFO
  *** Handler was modified!
  *** Expected: javaSignalHandler in libjvm.so, mask=11100100110111111111111111111110, flags=SA_RESTART|SA_SIGINFO
   SIGTRAP: crash_handler in libjvm.so, mask=11100100010111111101111111111110, flags=SA_RESTART|SA_SIGINFO


---------------  S Y S T E M  ---------------

OS:
DISTRIB_ID=Ubuntu
DISTRIB_RELEASE=20.04
DISTRIB_CODENAME=focal
DISTRIB_DESCRIPTION="Ubuntu 20.04.3 LTS"
uname: Linux 5.15.0-52-generic #58~20.04.1-Ubuntu SMP Thu Oct 13 13:09:46 UTC 2022 x86_64
OS uptime: 0 days 3:29 hours
libc: glibc 2.31 NPTL 2.31 
rlimit (soft/hard): STACK 8192k/infinity , CORE 0k/infinity , NPROC 14967/14967 , NOFILE 1048576/1048576 , AS infinity/infinity , CPU infinity/infinity , DATA infinity/infinity , FSIZE infinity/infinity , MEMLOCK 65536k/65536k
load average: 1,44 1,66 1,64

/proc/meminfo:
MemTotal:        3904152 kB
MemFree:          127888 kB
MemAvailable:     492172 kB
Buffers:           24764 kB
Cached:           769960 kB
SwapCached:        46696 kB
Active:          1495436 kB
Inactive:        1918004 kB
Active(anon):    1201652 kB
Inactive(anon):  1681044 kB
Active(file):     293784 kB
Inactive(file):   236960 kB
Unevictable:       61264 kB
Mlocked:              96 kB
SwapTotal:       2097148 kB
SwapFree:         787172 kB
Dirty:               644 kB
Writeback:          1748 kB
AnonPages:       2646196 kB
Mapped:           264904 kB
Shmem:            264784 kB
KReclaimable:      84016 kB
Slab:             184720 kB
SReclaimable:      84016 kB
SUnreclaim:       100704 kB
KernelStack:       19392 kB
PageTables:        37768 kB
NFS_Unstable:          0 kB
Bounce:                0 kB
WritebackTmp:          0 kB
CommitLimit:     4049224 kB
Committed_AS:   10231772 kB
VmallocTotal:   34359738367 kB
VmallocUsed:       44988 kB
VmallocChunk:          0 kB
Percpu:             3472 kB
HardwareCorrupted:     0 kB
AnonHugePages:         0 kB
ShmemHugePages:        0 kB
ShmemPmdMapped:        0 kB
FileHugePages:         0 kB
FilePmdMapped:         0 kB
HugePages_Total:       0
HugePages_Free:        0
HugePages_Rsvd:        0
HugePages_Surp:        0
Hugepagesize:       2048 kB
Hugetlb:               0 kB
DirectMap4k:      292020 kB
DirectMap2M:     3788800 kB

/sys/kernel/mm/transparent_hugepage/enabled: always [madvise] never
/sys/kernel/mm/transparent_hugepage/defrag (defrag/compaction efforts parameter): always defer defer+madvise [madvise] never

Process Memory:
Virtual Size: 3856200K (peak: 3856200K)
Resident Set Size: 58380K (peak: 58380K) (anon: 31144K, file: 27236K, shmem: 0K)
Swapped out: 0K
C-Heap outstanding allocations: 18279K, retained: 6504K
glibc malloc tunables: (default)

/proc/sys/kernel/threads-max (system-wide limit on the number of threads): 29934
/proc/sys/vm/max_map_count (maximum number of memory map areas a process may have): 65530
/proc/sys/kernel/pid_max (system-wide limit on number of process identifiers): 4194304

container (cgroup) information:
container_type: cgroupv1
cpu_cpuset_cpus: 0-3
cpu_memory_nodes: 0
active_processor_count: 4
cpu_quota: no quota
cpu_period: 100000
cpu_shares: no shares
memory_limit_in_bytes: unlimited
memory_and_swap_limit_in_bytes: unlimited
memory_soft_limit_in_bytes: unlimited
memory_usage_in_bytes: 3342640 k
memory_max_usage_in_bytes: 3404244 k
maximum number of tasks: unlimited
current number of tasks: 1050

Steal ticks since vm start: 0
Steal ticks percentage since vm start:  0,000

CPU: total 4 (initial active 4) (4 cores per cpu, 1 threads per core) family 6 model 76 stepping 4 microcode 0x411, cx8, cmov, fxsr, mmx, 3dnowpref, sse, sse2, sse3, ssse3, sse4.1, sse4.2, popcnt, tsc, tscinvbit, aes, erms, clmul, clflush
CPU Model and flags from /proc/cpuinfo:
model name	: Intel(R) Celeron(R) CPU  N3160  @ 1.60GHz
flags		: fpu vme de pse tsc msr pae mce cx8 apic sep mtrr pge mca cmov pat pse36 clflush dts acpi mmx fxsr sse sse2 ss ht tm pbe syscall nx rdtscp lm constant_tsc arch_perfmon pebs bts rep_good nopl xtopology tsc_reliable nonstop_tsc cpuid aperfmperf tsc_known_freq pni pclmulqdq dtes64 monitor ds_cpl vmx est tm2 ssse3 cx16 xtpr pdcm sse4_1 sse4_2 movbe popcnt tsc_deadline_timer aes rdrand lahf_lm 3dnowprefetch epb pti ibrs ibpb stibp tpr_shadow vnmi flexpriority ept vpid tsc_adjust smep erms dtherm ida arat md_clear

Online cpus: 0-3
Offline cpus: 
BIOS frequency limitation: <Not Available>
Frequency switch latency (ns): 20000
Available cpu frequencies: <Not Available>
Current governor: ondemand
Core performance/turbo boost: <Not Available>

Memory: 4k page, physical 3904152k(127888k free), swap 2097148k(787172k free)
Page Sizes: 4k

vm_info: OpenJDK 64-Bit Server VM (17.0.4.1+1) for linux-amd64 JRE (17.0.4.1+1), built on Aug 12 2022 00:00:00 by "temurin" with gcc 10.3.0

END.
