<?xml version="1.0" encoding="UTF-8" standalone="no"?>
<!DOCTYPE log SYSTEM "logger.dtd">
<log>
<record>
  <date>2022-10-27T10:51:34.931-0300</date>
  <logger>THAYANE STHEFFANY SILVA BARROS</logger>
  <level>FINE</level>
  <message>File 121110604-THAYANE STHEFFANY SILVA BARROS.zip was received. It was sent by THAYANE STHEFFANY SILVA BARROS from IP 150.165.42.156 at 27-10-2022 10*51*34</message>
</record>
</log>
<?xml version="1.0" encoding="UTF-8" standalone="no"?>
<!DOCTYPE log SYSTEM "logger.dtd">
<log>
<record>
  <date>2022-10-27T18:41:50.528-0300</date>
  <logger>THAYANE STHEFFANY SILVA BARROS</logger>
  <level>FINE</level>
  <message>File 121110604-THAYANE STHEFFANY SILVA BARROS.zip was received. It was sent by THAYANE STHEFFANY SILVA BARROS from IP 192.168.0.22 at 27-10-2022 18*41*50</message>
</record>
</log>
<?xml version="1.0" encoding="UTF-8" standalone="no"?>
<!DOCTYPE log SYSTEM "logger.dtd">
<log>
<record>
  <date>2022-10-30T12:59:14.100-0300</date>
  <logger>THAYANE STHEFFANY SILVA BARROS</logger>
  <level>FINE</level>
  <message>File 121110604-THAYANE STHEFFANY SILVA BARROS.zip was received. It was sent by THAYANE STHEFFANY SILVA BARROS from IP 192.168.0.22 at 30-10-2022 12*59*14</message>
</record>
