<?xml version="1.0" encoding="UTF-8" standalone="no"?>
<!DOCTYPE log SYSTEM "logger.dtd">
<log>
<record>
  <date>2022-10-19T18:49:00.623-0300</date>
  <logger>THAYANE STHEFFANY SILVA BARROS</logger>
  <level>FINE</level>
  <message>File 121110604-THAYANE STHEFFANY SILVA BARROS.zip was received. It was sent by THAYANE STHEFFANY SILVA BARROS from IP 192.168.0.22 at 19-10-2022 18*49*00</message>
</record>
</log>
<?xml version="1.0" encoding="UTF-8" standalone="no"?>
<!DOCTYPE log SYSTEM "logger.dtd">
<log>
<record>
  <date>2022-10-20T11:33:46.735-0300</date>
  <logger>THAYANE STHEFFANY SILVA BARROS</logger>
  <level>FINE</level>
  <message>File 121110604-THAYANE STHEFFANY SILVA BARROS.zip was received. It was sent by THAYANE STHEFFANY SILVA BARROS from IP 150.165.42.156 at 20-10-2022 11*33*46</message>
</record>
</log>
<?xml version="1.0" encoding="UTF-8" standalone="no"?>
<!DOCTYPE log SYSTEM "logger.dtd">
<log>
<record>
  <date>2022-10-22T19:35:03.244-0300</date>
  <logger>THAYANE STHEFFANY SILVA BARROS</logger>
  <level>FINE</level>
  <message>File 121110604-THAYANE STHEFFANY SILVA BARROS.zip was received. It was sent by THAYANE STHEFFANY SILVA BARROS from IP 192.168.0.22 at 22-10-2022 19*35*03</message>
</record>
</log>
<?xml version="1.0" encoding="UTF-8" standalone="no"?>
<!DOCTYPE log SYSTEM "logger.dtd">
<log>
<record>
  <date>2022-10-23T12:10:08.939-0300</date>
  <logger>THAYANE STHEFFANY SILVA BARROS</logger>
  <level>FINE</level>
  <message>File 121110604-THAYANE STHEFFANY SILVA BARROS.zip was received. It was sent by THAYANE STHEFFANY SILVA BARROS from IP 192.168.0.22 at 23-10-2022 12*10*08</message>
</record>
</log>
<?xml version="1.0" encoding="UTF-8" standalone="no"?>
<!DOCTYPE log SYSTEM "logger.dtd">
<log>
<record>
  <date>2022-10-24T19:55:23.800-0300</date>
  <logger>THAYANE STHEFFANY SILVA BARROS</logger>
  <level>FINE</level>
  <message>File 121110604-THAYANE STHEFFANY SILVA BARROS.zip was received. It was sent by THAYANE STHEFFANY SILVA BARROS from IP 192.168.0.22 at 24-10-2022 19*55*23</message>
</record>
