<?xml version="1.0" encoding="UTF-8" standalone="no"?>
<!DOCTYPE log SYSTEM "logger.dtd">
<log>
<record>
  <date>2022-11-01T09:43:41.873-0300</date>
  <logger>THAYANE STHEFFANY SILVA BARROS</logger>
  <level>FINE</level>
  <message>File 121110604-THAYANE STHEFFANY SILVA BARROS.zip was received. It was sent by THAYANE STHEFFANY SILVA BARROS from IP 150.165.42.156 at 01-11-2022 09*43*41</message>
</record>
</log>
<?xml version="1.0" encoding="UTF-8" standalone="no"?>
<!DOCTYPE log SYSTEM "logger.dtd">
<log>
<record>
  <date>2022-11-02T17:17:35.278-0300</date>
  <logger>THAYANE STHEFFANY SILVA BARROS</logger>
  <level>FINE</level>
  <message>File 121110604-THAYANE STHEFFANY SILVA BARROS.zip was received. It was sent by THAYANE STHEFFANY SILVA BARROS from IP 192.168.0.22 at 02-11-2022 17*17*35</message>
</record>
</log>
<?xml version="1.0" encoding="UTF-8" standalone="no"?>
<!DOCTYPE log SYSTEM "logger.dtd">
<log>
<record>
  <date>2022-11-04T20:09:38.347-0300</date>
  <logger>THAYANE STHEFFANY SILVA BARROS</logger>
  <level>FINE</level>
  <message>File 121110604-THAYANE STHEFFANY SILVA BARROS.zip was received. It was sent by THAYANE STHEFFANY SILVA BARROS from IP 192.168.0.22 at 04-11-2022 20*09*38</message>
</record>
</log>
<?xml version="1.0" encoding="UTF-8" standalone="no"?>
<!DOCTYPE log SYSTEM "logger.dtd">
<log>
<record>
  <date>2022-11-06T17:14:39.955-0300</date>
  <logger>THAYANE STHEFFANY SILVA BARROS</logger>
  <level>FINE</level>
  <message>File 121110604-THAYANE STHEFFANY SILVA BARROS.zip was received. It was sent by THAYANE STHEFFANY SILVA BARROS from IP 192.168.0.22 at 06-11-2022 17*14*39</message>
</record>
</log>
<?xml version="1.0" encoding="UTF-8" standalone="no"?>
<!DOCTYPE log SYSTEM "logger.dtd">
<log>
<record>
  <date>2022-11-07T17:06:57.968-0300</date>
  <logger>THAYANE STHEFFANY SILVA BARROS</logger>
  <level>FINE</level>
  <message>File 121110604-THAYANE STHEFFANY SILVA BARROS.zip was received. It was sent by THAYANE STHEFFANY SILVA BARROS from IP 192.168.0.22 at 07-11-2022 17*06*57</message>
</record>
